[2025-05-09 12:39:33] local.ERROR: Command "un" is not defined.

Did you mean one of these?
    cache:prune-stale-tags
    model:prune
    queue:prune-batches
    queue:prune-failed
    schedule:run
    storage:unlink {"exception":"[object] (Symfony\\Component\\Console\\Exception\\CommandNotFoundException(code: 0): Command \"un\" is not defined.

Did you mean one of these?
    cache:prune-stale-tags
    model:prune
    queue:prune-batches
    queue:prune-failed
    schedule:run
    storage:unlink at /home/silva/Documentos/web2/weydson/atividade_01/vendor/symfony/console/Application.php:726)
[stacktrace]
#0 /home/silva/Documentos/web2/weydson/atividade_01/vendor/symfony/console/Application.php(284): Symfony\\Component\\Console\\Application->find()
#1 /home/silva/Documentos/web2/weydson/atividade_01/vendor/symfony/console/Application.php(193): Symfony\\Component\\Console\\Application->doRun()
#2 /home/silva/Documentos/web2/weydson/atividade_01/vendor/laravel/framework/src/Illuminate/Foundation/Console/Kernel.php(197): Symfony\\Component\\Console\\Application->run()
#3 /home/silva/Documentos/web2/weydson/atividade_01/vendor/laravel/framework/src/Illuminate/Foundation/Application.php(1234): Illuminate\\Foundation\\Console\\Kernel->handle()
#4 /home/silva/Documentos/web2/weydson/atividade_01/artisan(16): Illuminate\\Foundation\\Application->handleCommand()
#5 {main}
"} 
[2025-05-09 12:40:21] local.ERROR: Command "un" is not defined.

Did you mean one of these?
    cache:prune-stale-tags
    model:prune
    queue:prune-batches
    queue:prune-failed
    schedule:run
    storage:unlink {"exception":"[object] (Symfony\\Component\\Console\\Exception\\CommandNotFoundException(code: 0): Command \"un\" is not defined.

Did you mean one of these?
    cache:prune-stale-tags
    model:prune
    queue:prune-batches
    queue:prune-failed
    schedule:run
    storage:unlink at /home/silva/Documentos/web2/weydson/atividade_01/vendor/symfony/console/Application.php:726)
[stacktrace]
#0 /home/silva/Documentos/web2/weydson/atividade_01/vendor/symfony/console/Application.php(284): Symfony\\Component\\Console\\Application->find()
#1 /home/silva/Documentos/web2/weydson/atividade_01/vendor/symfony/console/Application.php(193): Symfony\\Component\\Console\\Application->doRun()
#2 /home/silva/Documentos/web2/weydson/atividade_01/vendor/laravel/framework/src/Illuminate/Foundation/Console/Kernel.php(197): Symfony\\Component\\Console\\Application->run()
#3 /home/silva/Documentos/web2/weydson/atividade_01/vendor/laravel/framework/src/Illuminate/Foundation/Application.php(1234): Illuminate\\Foundation\\Console\\Kernel->handle()
#4 /home/silva/Documentos/web2/weydson/atividade_01/artisan(16): Illuminate\\Foundation\\Application->handleCommand()
#5 {main}
"} 
[2025-05-09 12:44:06] local.ERROR: SQLSTATE[42S01]: Base table or view already exists: 1050 Table 'users' already exists (Connection: mysql, SQL: create table `users` (`id` bigint unsigned not null auto_increment primary key, `created_at` timestamp null, `updated_at` timestamp null) default character set utf8mb4 collate 'utf8mb4_unicode_ci') {"exception":"[object] (Illuminate\\Database\\QueryException(code: 42S01): SQLSTATE[42S01]: Base table or view already exists: 1050 Table 'users' already exists (Connection: mysql, SQL: create table `users` (`id` bigint unsigned not null auto_increment primary key, `created_at` timestamp null, `updated_at` timestamp null) default character set utf8mb4 collate 'utf8mb4_unicode_ci') at /home/silva/Documentos/web2/weydson/atividade_01/vendor/laravel/framework/src/Illuminate/Database/Connection.php:822)
[stacktrace]
#0 /home/silva/Documentos/web2/weydson/atividade_01/vendor/laravel/framework/src/Illuminate/Database/Connection.php(776): Illuminate\\Database\\Connection->runQueryCallback()
#1 /home/silva/Documentos/web2/weydson/atividade_01/vendor/laravel/framework/src/Illuminate/Database/Connection.php(557): Illuminate\\Database\\Connection->run()
#2 /home/silva/Documentos/web2/weydson/atividade_01/vendor/laravel/framework/src/Illuminate/Database/Schema/Blueprint.php(119): Illuminate\\Database\\Connection->statement()
#3 /home/silva/Documentos/web2/weydson/atividade_01/vendor/laravel/framework/src/Illuminate/Database/Schema/Builder.php(618): Illuminate\\Database\\Schema\\Blueprint->build()
#4 /home/silva/Documentos/web2/weydson/atividade_01/vendor/laravel/framework/src/Illuminate/Database/Schema/Builder.php(472): Illuminate\\Database\\Schema\\Builder->build()
#5 /home/silva/Documentos/web2/weydson/atividade_01/vendor/laravel/framework/src/Illuminate/Support/Facades/Facade.php(361): Illuminate\\Database\\Schema\\Builder->create()
#6 /home/silva/Documentos/web2/weydson/atividade_01/database/migrations/2025_05_09_123909_create_users_table.php(14): Illuminate\\Support\\Facades\\Facade::__callStatic()
#7 /home/silva/Documentos/web2/weydson/atividade_01/vendor/laravel/framework/src/Illuminate/Database/Migrations/Migrator.php(514): Illuminate\\Database\\Migrations\\Migration@anonymous->up()
#8 /home/silva/Documentos/web2/weydson/atividade_01/vendor/laravel/framework/src/Illuminate/Database/Migrations/Migrator.php(439): Illuminate\\Database\\Migrations\\Migrator->runMethod()
#9 /home/silva/Documentos/web2/weydson/atividade_01/vendor/laravel/framework/src/Illuminate/Database/Migrations/Migrator.php(448): Illuminate\\Database\\Migrations\\Migrator->{closure:Illuminate\\Database\\Migrations\\Migrator::runMigration():435}()
#10 /home/silva/Documentos/web2/weydson/atividade_01/vendor/laravel/framework/src/Illuminate/Database/Migrations/Migrator.php(250): Illuminate\\Database\\Migrations\\Migrator->runMigration()
#11 /home/silva/Documentos/web2/weydson/atividade_01/vendor/laravel/framework/src/Illuminate/Console/View/Components/Task.php(41): Illuminate\\Database\\Migrations\\Migrator->{closure:Illuminate\\Database\\Migrations\\Migrator::runUp():250}()
#12 /home/silva/Documentos/web2/weydson/atividade_01/vendor/laravel/framework/src/Illuminate/Database/Migrations/Migrator.php(805): Illuminate\\Console\\View\\Components\\Task->render()
#13 /home/silva/Documentos/web2/weydson/atividade_01/vendor/laravel/framework/src/Illuminate/Database/Migrations/Migrator.php(250): Illuminate\\Database\\Migrations\\Migrator->write()
#14 /home/silva/Documentos/web2/weydson/atividade_01/vendor/laravel/framework/src/Illuminate/Database/Migrations/Migrator.php(210): Illuminate\\Database\\Migrations\\Migrator->runUp()
#15 /home/silva/Documentos/web2/weydson/atividade_01/vendor/laravel/framework/src/Illuminate/Database/Migrations/Migrator.php(137): Illuminate\\Database\\Migrations\\Migrator->runPending()
#16 /home/silva/Documentos/web2/weydson/atividade_01/vendor/laravel/framework/src/Illuminate/Database/Console/Migrations/MigrateCommand.php(116): Illuminate\\Database\\Migrations\\Migrator->run()
#17 /home/silva/Documentos/web2/weydson/atividade_01/vendor/laravel/framework/src/Illuminate/Database/Migrations/Migrator.php(665): Illuminate\\Database\\Console\\Migrations\\MigrateCommand->{closure:Illuminate\\Database\\Console\\Migrations\\MigrateCommand::runMigrations():109}()
#18 /home/silva/Documentos/web2/weydson/atividade_01/vendor/laravel/framework/src/Illuminate/Database/Console/Migrations/MigrateCommand.php(109): Illuminate\\Database\\Migrations\\Migrator->usingConnection()
#19 /home/silva/Documentos/web2/weydson/atividade_01/vendor/laravel/framework/src/Illuminate/Database/Console/Migrations/MigrateCommand.php(88): Illuminate\\Database\\Console\\Migrations\\MigrateCommand->runMigrations()
#20 /home/silva/Documentos/web2/weydson/atividade_01/vendor/laravel/framework/src/Illuminate/Container/BoundMethod.php(36): Illuminate\\Database\\Console\\Migrations\\MigrateCommand->handle()
#21 /home/silva/Documentos/web2/weydson/atividade_01/vendor/laravel/framework/src/Illuminate/Container/Util.php(43): Illuminate\\Container\\BoundMethod::{closure:Illuminate\\Container\\BoundMethod::call():35}()
#22 /home/silva/Documentos/web2/weydson/atividade_01/vendor/laravel/framework/src/Illuminate/Container/BoundMethod.php(96): Illuminate\\Container\\Util::unwrapIfClosure()
#23 /home/silva/Documentos/web2/weydson/atividade_01/vendor/laravel/framework/src/Illuminate/Container/BoundMethod.php(35): Illuminate\\Container\\BoundMethod::callBoundMethod()
#24 /home/silva/Documentos/web2/weydson/atividade_01/vendor/laravel/framework/src/Illuminate/Container/Container.php(754): Illuminate\\Container\\BoundMethod::call()
#25 /home/silva/Documentos/web2/weydson/atividade_01/vendor/laravel/framework/src/Illuminate/Console/Command.php(211): Illuminate\\Container\\Container->call()
#26 /home/silva/Documentos/web2/weydson/atividade_01/vendor/symfony/console/Command/Command.php(279): Illuminate\\Console\\Command->execute()
#27 /home/silva/Documentos/web2/weydson/atividade_01/vendor/laravel/framework/src/Illuminate/Console/Command.php(180): Symfony\\Component\\Console\\Command\\Command->run()
#28 /home/silva/Documentos/web2/weydson/atividade_01/vendor/symfony/console/Application.php(1094): Illuminate\\Console\\Command->run()
#29 /home/silva/Documentos/web2/weydson/atividade_01/vendor/symfony/console/Application.php(342): Symfony\\Component\\Console\\Application->doRunCommand()
#30 /home/silva/Documentos/web2/weydson/atividade_01/vendor/symfony/console/Application.php(193): Symfony\\Component\\Console\\Application->doRun()
#31 /home/silva/Documentos/web2/weydson/atividade_01/vendor/laravel/framework/src/Illuminate/Foundation/Console/Kernel.php(197): Symfony\\Component\\Console\\Application->run()
#32 /home/silva/Documentos/web2/weydson/atividade_01/vendor/laravel/framework/src/Illuminate/Foundation/Application.php(1234): Illuminate\\Foundation\\Console\\Kernel->handle()
#33 /home/silva/Documentos/web2/weydson/atividade_01/artisan(16): Illuminate\\Foundation\\Application->handleCommand()
#34 {main}

[previous exception] [object] (PDOException(code: 42S01): SQLSTATE[42S01]: Base table or view already exists: 1050 Table 'users' already exists at /home/silva/Documentos/web2/weydson/atividade_01/vendor/laravel/framework/src/Illuminate/Database/Connection.php:568)
[stacktrace]
#0 /home/silva/Documentos/web2/weydson/atividade_01/vendor/laravel/framework/src/Illuminate/Database/Connection.php(568): PDOStatement->execute()
#1 /home/silva/Documentos/web2/weydson/atividade_01/vendor/laravel/framework/src/Illuminate/Database/Connection.php(809): Illuminate\\Database\\Connection->{closure:Illuminate\\Database\\Connection::statement():557}()
#2 /home/silva/Documentos/web2/weydson/atividade_01/vendor/laravel/framework/src/Illuminate/Database/Connection.php(776): Illuminate\\Database\\Connection->runQueryCallback()
#3 /home/silva/Documentos/web2/weydson/atividade_01/vendor/laravel/framework/src/Illuminate/Database/Connection.php(557): Illuminate\\Database\\Connection->run()
#4 /home/silva/Documentos/web2/weydson/atividade_01/vendor/laravel/framework/src/Illuminate/Database/Schema/Blueprint.php(119): Illuminate\\Database\\Connection->statement()
#5 /home/silva/Documentos/web2/weydson/atividade_01/vendor/laravel/framework/src/Illuminate/Database/Schema/Builder.php(618): Illuminate\\Database\\Schema\\Blueprint->build()
#6 /home/silva/Documentos/web2/weydson/atividade_01/vendor/laravel/framework/src/Illuminate/Database/Schema/Builder.php(472): Illuminate\\Database\\Schema\\Builder->build()
#7 /home/silva/Documentos/web2/weydson/atividade_01/vendor/laravel/framework/src/Illuminate/Support/Facades/Facade.php(361): Illuminate\\Database\\Schema\\Builder->create()
#8 /home/silva/Documentos/web2/weydson/atividade_01/database/migrations/2025_05_09_123909_create_users_table.php(14): Illuminate\\Support\\Facades\\Facade::__callStatic()
#9 /home/silva/Documentos/web2/weydson/atividade_01/vendor/laravel/framework/src/Illuminate/Database/Migrations/Migrator.php(514): Illuminate\\Database\\Migrations\\Migration@anonymous->up()
#10 /home/silva/Documentos/web2/weydson/atividade_01/vendor/laravel/framework/src/Illuminate/Database/Migrations/Migrator.php(439): Illuminate\\Database\\Migrations\\Migrator->runMethod()
#11 /home/silva/Documentos/web2/weydson/atividade_01/vendor/laravel/framework/src/Illuminate/Database/Migrations/Migrator.php(448): Illuminate\\Database\\Migrations\\Migrator->{closure:Illuminate\\Database\\Migrations\\Migrator::runMigration():435}()
#12 /home/silva/Documentos/web2/weydson/atividade_01/vendor/laravel/framework/src/Illuminate/Database/Migrations/Migrator.php(250): Illuminate\\Database\\Migrations\\Migrator->runMigration()
#13 /home/silva/Documentos/web2/weydson/atividade_01/vendor/laravel/framework/src/Illuminate/Console/View/Components/Task.php(41): Illuminate\\Database\\Migrations\\Migrator->{closure:Illuminate\\Database\\Migrations\\Migrator::runUp():250}()
#14 /home/silva/Documentos/web2/weydson/atividade_01/vendor/laravel/framework/src/Illuminate/Database/Migrations/Migrator.php(805): Illuminate\\Console\\View\\Components\\Task->render()
#15 /home/silva/Documentos/web2/weydson/atividade_01/vendor/laravel/framework/src/Illuminate/Database/Migrations/Migrator.php(250): Illuminate\\Database\\Migrations\\Migrator->write()
#16 /home/silva/Documentos/web2/weydson/atividade_01/vendor/laravel/framework/src/Illuminate/Database/Migrations/Migrator.php(210): Illuminate\\Database\\Migrations\\Migrator->runUp()
#17 /home/silva/Documentos/web2/weydson/atividade_01/vendor/laravel/framework/src/Illuminate/Database/Migrations/Migrator.php(137): Illuminate\\Database\\Migrations\\Migrator->runPending()
#18 /home/silva/Documentos/web2/weydson/atividade_01/vendor/laravel/framework/src/Illuminate/Database/Console/Migrations/MigrateCommand.php(116): Illuminate\\Database\\Migrations\\Migrator->run()
#19 /home/silva/Documentos/web2/weydson/atividade_01/vendor/laravel/framework/src/Illuminate/Database/Migrations/Migrator.php(665): Illuminate\\Database\\Console\\Migrations\\MigrateCommand->{closure:Illuminate\\Database\\Console\\Migrations\\MigrateCommand::runMigrations():109}()
#20 /home/silva/Documentos/web2/weydson/atividade_01/vendor/laravel/framework/src/Illuminate/Database/Console/Migrations/MigrateCommand.php(109): Illuminate\\Database\\Migrations\\Migrator->usingConnection()
#21 /home/silva/Documentos/web2/weydson/atividade_01/vendor/laravel/framework/src/Illuminate/Database/Console/Migrations/MigrateCommand.php(88): Illuminate\\Database\\Console\\Migrations\\MigrateCommand->runMigrations()
#22 /home/silva/Documentos/web2/weydson/atividade_01/vendor/laravel/framework/src/Illuminate/Container/BoundMethod.php(36): Illuminate\\Database\\Console\\Migrations\\MigrateCommand->handle()
#23 /home/silva/Documentos/web2/weydson/atividade_01/vendor/laravel/framework/src/Illuminate/Container/Util.php(43): Illuminate\\Container\\BoundMethod::{closure:Illuminate\\Container\\BoundMethod::call():35}()
#24 /home/silva/Documentos/web2/weydson/atividade_01/vendor/laravel/framework/src/Illuminate/Container/BoundMethod.php(96): Illuminate\\Container\\Util::unwrapIfClosure()
#25 /home/silva/Documentos/web2/weydson/atividade_01/vendor/laravel/framework/src/Illuminate/Container/BoundMethod.php(35): Illuminate\\Container\\BoundMethod::callBoundMethod()
#26 /home/silva/Documentos/web2/weydson/atividade_01/vendor/laravel/framework/src/Illuminate/Container/Container.php(754): Illuminate\\Container\\BoundMethod::call()
#27 /home/silva/Documentos/web2/weydson/atividade_01/vendor/laravel/framework/src/Illuminate/Console/Command.php(211): Illuminate\\Container\\Container->call()
#28 /home/silva/Documentos/web2/weydson/atividade_01/vendor/symfony/console/Command/Command.php(279): Illuminate\\Console\\Command->execute()
#29 /home/silva/Documentos/web2/weydson/atividade_01/vendor/laravel/framework/src/Illuminate/Console/Command.php(180): Symfony\\Component\\Console\\Command\\Command->run()
#30 /home/silva/Documentos/web2/weydson/atividade_01/vendor/symfony/console/Application.php(1094): Illuminate\\Console\\Command->run()
#31 /home/silva/Documentos/web2/weydson/atividade_01/vendor/symfony/console/Application.php(342): Symfony\\Component\\Console\\Application->doRunCommand()
#32 /home/silva/Documentos/web2/weydson/atividade_01/vendor/symfony/console/Application.php(193): Symfony\\Component\\Console\\Application->doRun()
#33 /home/silva/Documentos/web2/weydson/atividade_01/vendor/laravel/framework/src/Illuminate/Foundation/Console/Kernel.php(197): Symfony\\Component\\Console\\Application->run()
#34 /home/silva/Documentos/web2/weydson/atividade_01/vendor/laravel/framework/src/Illuminate/Foundation/Application.php(1234): Illuminate\\Foundation\\Console\\Kernel->handle()
#35 /home/silva/Documentos/web2/weydson/atividade_01/artisan(16): Illuminate\\Foundation\\Application->handleCommand()
#36 {main}
"} 
[2025-05-09 12:44:31] local.ERROR: Command "un" is not defined.

Did you mean one of these?
    cache:prune-stale-tags
    model:prune
    queue:prune-batches
    queue:prune-failed
    schedule:run
    storage:unlink {"exception":"[object] (Symfony\\Component\\Console\\Exception\\CommandNotFoundException(code: 0): Command \"un\" is not defined.

Did you mean one of these?
    cache:prune-stale-tags
    model:prune
    queue:prune-batches
    queue:prune-failed
    schedule:run
    storage:unlink at /home/silva/Documentos/web2/weydson/atividade_01/vendor/symfony/console/Application.php:726)
[stacktrace]
#0 /home/silva/Documentos/web2/weydson/atividade_01/vendor/symfony/console/Application.php(284): Symfony\\Component\\Console\\Application->find()
#1 /home/silva/Documentos/web2/weydson/atividade_01/vendor/symfony/console/Application.php(193): Symfony\\Component\\Console\\Application->doRun()
#2 /home/silva/Documentos/web2/weydson/atividade_01/vendor/laravel/framework/src/Illuminate/Foundation/Console/Kernel.php(197): Symfony\\Component\\Console\\Application->run()
#3 /home/silva/Documentos/web2/weydson/atividade_01/vendor/laravel/framework/src/Illuminate/Foundation/Application.php(1234): Illuminate\\Foundation\\Console\\Kernel->handle()
#4 /home/silva/Documentos/web2/weydson/atividade_01/artisan(16): Illuminate\\Foundation\\Application->handleCommand()
#5 {main}
"} 
