[2025-05-09 12:39:33] local.ERROR: Command "un" is not defined.

Did you mean one of these?
    cache:prune-stale-tags
    model:prune
    queue:prune-batches
    queue:prune-failed
    schedule:run
    storage:unlink {"exception":"[object] (Symfony\\Component\\Console\\Exception\\CommandNotFoundException(code: 0): Command \"un\" is not defined.

Did you mean one of these?
    cache:prune-stale-tags
    model:prune
    queue:prune-batches
    queue:prune-failed
    schedule:run
    storage:unlink at /home/silva/Documentos/web2/weydson/atividade_01/vendor/symfony/console/Application.php:726)
[stacktrace]
#0 /home/silva/Documentos/web2/weydson/atividade_01/vendor/symfony/console/Application.php(284): Symfony\\Component\\Console\\Application->find()
#1 /home/silva/Documentos/web2/weydson/atividade_01/vendor/symfony/console/Application.php(193): Symfony\\Component\\Console\\Application->doRun()
#2 /home/silva/Documentos/web2/weydson/atividade_01/vendor/laravel/framework/src/Illuminate/Foundation/Console/Kernel.php(197): Symfony\\Component\\Console\\Application->run()
#3 /home/silva/Documentos/web2/weydson/atividade_01/vendor/laravel/framework/src/Illuminate/Foundation/Application.php(1234): Illuminate\\Foundation\\Console\\Kernel->handle()
#4 /home/silva/Documentos/web2/weydson/atividade_01/artisan(16): Illuminate\\Foundation\\Application->handleCommand()
#5 {main}
"} 
[2025-05-09 12:40:21] local.ERROR: Command "un" is not defined.

Did you mean one of these?
    cache:prune-stale-tags
    model:prune
    queue:prune-batches
    queue:prune-failed
    schedule:run
    storage:unlink {"exception":"[object] (Symfony\\Component\\Console\\Exception\\CommandNotFoundException(code: 0): Command \"un\" is not defined.

Did you mean one of these?
    cache:prune-stale-tags
    model:prune
    queue:prune-batches
    queue:prune-failed
    schedule:run
    storage:unlink at /home/silva/Documentos/web2/weydson/atividade_01/vendor/symfony/console/Application.php:726)
[stacktrace]
#0 /home/silva/Documentos/web2/weydson/atividade_01/vendor/symfony/console/Application.php(284): Symfony\\Component\\Console\\Application->find()
#1 /home/silva/Documentos/web2/weydson/atividade_01/vendor/symfony/console/Application.php(193): Symfony\\Component\\Console\\Application->doRun()
#2 /home/silva/Documentos/web2/weydson/atividade_01/vendor/laravel/framework/src/Illuminate/Foundation/Console/Kernel.php(197): Symfony\\Component\\Console\\Application->run()
#3 /home/silva/Documentos/web2/weydson/atividade_01/vendor/laravel/framework/src/Illuminate/Foundation/Application.php(1234): Illuminate\\Foundation\\Console\\Kernel->handle()
#4 /home/silva/Documentos/web2/weydson/atividade_01/artisan(16): Illuminate\\Foundation\\Application->handleCommand()
#5 {main}
"} 
[2025-05-09 12:44:06] local.ERROR: SQLSTATE[42S01]: Base table or view already exists: 1050 Table 'users' already exists (Connection: mysql, SQL: create table `users` (`id` bigint unsigned not null auto_increment primary key, `created_at` timestamp null, `updated_at` timestamp null) default character set utf8mb4 collate 'utf8mb4_unicode_ci') {"exception":"[object] (Illuminate\\Database\\QueryException(code: 42S01): SQLSTATE[42S01]: Base table or view already exists: 1050 Table 'users' already exists (Connection: mysql, SQL: create table `users` (`id` bigint unsigned not null auto_increment primary key, `created_at` timestamp null, `updated_at` timestamp null) default character set utf8mb4 collate 'utf8mb4_unicode_ci') at /home/silva/Documentos/web2/weydson/atividade_01/vendor/laravel/framework/src/Illuminate/Database/Connection.php:822)
[stacktrace]
#0 /home/silva/Documentos/web2/weydson/atividade_01/vendor/laravel/framework/src/Illuminate/Database/Connection.php(776): Illuminate\\Database\\Connection->runQueryCallback()
#1 /home/silva/Documentos/web2/weydson/atividade_01/vendor/laravel/framework/src/Illuminate/Database/Connection.php(557): Illuminate\\Database\\Connection->run()
#2 /home/silva/Documentos/web2/weydson/atividade_01/vendor/laravel/framework/src/Illuminate/Database/Schema/Blueprint.php(119): Illuminate\\Database\\Connection->statement()
#3 /home/silva/Documentos/web2/weydson/atividade_01/vendor/laravel/framework/src/Illuminate/Database/Schema/Builder.php(618): Illuminate\\Database\\Schema\\Blueprint->build()
#4 /home/silva/Documentos/web2/weydson/atividade_01/vendor/laravel/framework/src/Illuminate/Database/Schema/Builder.php(472): Illuminate\\Database\\Schema\\Builder->build()
#5 /home/silva/Documentos/web2/weydson/atividade_01/vendor/laravel/framework/src/Illuminate/Support/Facades/Facade.php(361): Illuminate\\Database\\Schema\\Builder->create()
#6 /home/silva/Documentos/web2/weydson/atividade_01/database/migrations/2025_05_09_123909_create_users_table.php(14): Illuminate\\Support\\Facades\\Facade::__callStatic()
#7 /home/silva/Documentos/web2/weydson/atividade_01/vendor/laravel/framework/src/Illuminate/Database/Migrations/Migrator.php(514): Illuminate\\Database\\Migrations\\Migration@anonymous->up()
#8 /home/silva/Documentos/web2/weydson/atividade_01/vendor/laravel/framework/src/Illuminate/Database/Migrations/Migrator.php(439): Illuminate\\Database\\Migrations\\Migrator->runMethod()
#9 /home/silva/Documentos/web2/weydson/atividade_01/vendor/laravel/framework/src/Illuminate/Database/Migrations/Migrator.php(448): Illuminate\\Database\\Migrations\\Migrator->{closure:Illuminate\\Database\\Migrations\\Migrator::runMigration():435}()
#10 /home/silva/Documentos/web2/weydson/atividade_01/vendor/laravel/framework/src/Illuminate/Database/Migrations/Migrator.php(250): Illuminate\\Database\\Migrations\\Migrator->runMigration()
#11 /home/silva/Documentos/web2/weydson/atividade_01/vendor/laravel/framework/src/Illuminate/Console/View/Components/Task.php(41): Illuminate\\Database\\Migrations\\Migrator->{closure:Illuminate\\Database\\Migrations\\Migrator::runUp():250}()
#12 /home/silva/Documentos/web2/weydson/atividade_01/vendor/laravel/framework/src/Illuminate/Database/Migrations/Migrator.php(805): Illuminate\\Console\\View\\Components\\Task->render()
#13 /home/silva/Documentos/web2/weydson/atividade_01/vendor/laravel/framework/src/Illuminate/Database/Migrations/Migrator.php(250): Illuminate\\Database\\Migrations\\Migrator->write()
#14 /home/silva/Documentos/web2/weydson/atividade_01/vendor/laravel/framework/src/Illuminate/Database/Migrations/Migrator.php(210): Illuminate\\Database\\Migrations\\Migrator->runUp()
#15 /home/silva/Documentos/web2/weydson/atividade_01/vendor/laravel/framework/src/Illuminate/Database/Migrations/Migrator.php(137): Illuminate\\Database\\Migrations\\Migrator->runPending()
#16 /home/silva/Documentos/web2/weydson/atividade_01/vendor/laravel/framework/src/Illuminate/Database/Console/Migrations/MigrateCommand.php(116): Illuminate\\Database\\Migrations\\Migrator->run()
#17 /home/silva/Documentos/web2/weydson/atividade_01/vendor/laravel/framework/src/Illuminate/Database/Migrations/Migrator.php(665): Illuminate\\Database\\Console\\Migrations\\MigrateCommand->{closure:Illuminate\\Database\\Console\\Migrations\\MigrateCommand::runMigrations():109}()
#18 /home/silva/Documentos/web2/weydson/atividade_01/vendor/laravel/framework/src/Illuminate/Database/Console/Migrations/MigrateCommand.php(109): Illuminate\\Database\\Migrations\\Migrator->usingConnection()
#19 /home/silva/Documentos/web2/weydson/atividade_01/vendor/laravel/framework/src/Illuminate/Database/Console/Migrations/MigrateCommand.php(88): Illuminate\\Database\\Console\\Migrations\\MigrateCommand->runMigrations()
#20 /home/silva/Documentos/web2/weydson/atividade_01/vendor/laravel/framework/src/Illuminate/Container/BoundMethod.php(36): Illuminate\\Database\\Console\\Migrations\\MigrateCommand->handle()
#21 /home/silva/Documentos/web2/weydson/atividade_01/vendor/laravel/framework/src/Illuminate/Container/Util.php(43): Illuminate\\Container\\BoundMethod::{closure:Illuminate\\Container\\BoundMethod::call():35}()
#22 /home/silva/Documentos/web2/weydson/atividade_01/vendor/laravel/framework/src/Illuminate/Container/BoundMethod.php(96): Illuminate\\Container\\Util::unwrapIfClosure()
#23 /home/silva/Documentos/web2/weydson/atividade_01/vendor/laravel/framework/src/Illuminate/Container/BoundMethod.php(35): Illuminate\\Container\\BoundMethod::callBoundMethod()
#24 /home/silva/Documentos/web2/weydson/atividade_01/vendor/laravel/framework/src/Illuminate/Container/Container.php(754): Illuminate\\Container\\BoundMethod::call()
#25 /home/silva/Documentos/web2/weydson/atividade_01/vendor/laravel/framework/src/Illuminate/Console/Command.php(211): Illuminate\\Container\\Container->call()
#26 /home/silva/Documentos/web2/weydson/atividade_01/vendor/symfony/console/Command/Command.php(279): Illuminate\\Console\\Command->execute()
#27 /home/silva/Documentos/web2/weydson/atividade_01/vendor/laravel/framework/src/Illuminate/Console/Command.php(180): Symfony\\Component\\Console\\Command\\Command->run()
#28 /home/silva/Documentos/web2/weydson/atividade_01/vendor/symfony/console/Application.php(1094): Illuminate\\Console\\Command->run()
#29 /home/silva/Documentos/web2/weydson/atividade_01/vendor/symfony/console/Application.php(342): Symfony\\Component\\Console\\Application->doRunCommand()
#30 /home/silva/Documentos/web2/weydson/atividade_01/vendor/symfony/console/Application.php(193): Symfony\\Component\\Console\\Application->doRun()
#31 /home/silva/Documentos/web2/weydson/atividade_01/vendor/laravel/framework/src/Illuminate/Foundation/Console/Kernel.php(197): Symfony\\Component\\Console\\Application->run()
#32 /home/silva/Documentos/web2/weydson/atividade_01/vendor/laravel/framework/src/Illuminate/Foundation/Application.php(1234): Illuminate\\Foundation\\Console\\Kernel->handle()
#33 /home/silva/Documentos/web2/weydson/atividade_01/artisan(16): Illuminate\\Foundation\\Application->handleCommand()
#34 {main}

[previous exception] [object] (PDOException(code: 42S01): SQLSTATE[42S01]: Base table or view already exists: 1050 Table 'users' already exists at /home/silva/Documentos/web2/weydson/atividade_01/vendor/laravel/framework/src/Illuminate/Database/Connection.php:568)
[stacktrace]
#0 /home/silva/Documentos/web2/weydson/atividade_01/vendor/laravel/framework/src/Illuminate/Database/Connection.php(568): PDOStatement->execute()
#1 /home/silva/Documentos/web2/weydson/atividade_01/vendor/laravel/framework/src/Illuminate/Database/Connection.php(809): Illuminate\\Database\\Connection->{closure:Illuminate\\Database\\Connection::statement():557}()
#2 /home/silva/Documentos/web2/weydson/atividade_01/vendor/laravel/framework/src/Illuminate/Database/Connection.php(776): Illuminate\\Database\\Connection->runQueryCallback()
#3 /home/silva/Documentos/web2/weydson/atividade_01/vendor/laravel/framework/src/Illuminate/Database/Connection.php(557): Illuminate\\Database\\Connection->run()
#4 /home/silva/Documentos/web2/weydson/atividade_01/vendor/laravel/framework/src/Illuminate/Database/Schema/Blueprint.php(119): Illuminate\\Database\\Connection->statement()
#5 /home/silva/Documentos/web2/weydson/atividade_01/vendor/laravel/framework/src/Illuminate/Database/Schema/Builder.php(618): Illuminate\\Database\\Schema\\Blueprint->build()
#6 /home/silva/Documentos/web2/weydson/atividade_01/vendor/laravel/framework/src/Illuminate/Database/Schema/Builder.php(472): Illuminate\\Database\\Schema\\Builder->build()
#7 /home/silva/Documentos/web2/weydson/atividade_01/vendor/laravel/framework/src/Illuminate/Support/Facades/Facade.php(361): Illuminate\\Database\\Schema\\Builder->create()
#8 /home/silva/Documentos/web2/weydson/atividade_01/database/migrations/2025_05_09_123909_create_users_table.php(14): Illuminate\\Support\\Facades\\Facade::__callStatic()
#9 /home/silva/Documentos/web2/weydson/atividade_01/vendor/laravel/framework/src/Illuminate/Database/Migrations/Migrator.php(514): Illuminate\\Database\\Migrations\\Migration@anonymous->up()
#10 /home/silva/Documentos/web2/weydson/atividade_01/vendor/laravel/framework/src/Illuminate/Database/Migrations/Migrator.php(439): Illuminate\\Database\\Migrations\\Migrator->runMethod()
#11 /home/silva/Documentos/web2/weydson/atividade_01/vendor/laravel/framework/src/Illuminate/Database/Migrations/Migrator.php(448): Illuminate\\Database\\Migrations\\Migrator->{closure:Illuminate\\Database\\Migrations\\Migrator::runMigration():435}()
#12 /home/silva/Documentos/web2/weydson/atividade_01/vendor/laravel/framework/src/Illuminate/Database/Migrations/Migrator.php(250): Illuminate\\Database\\Migrations\\Migrator->runMigration()
#13 /home/silva/Documentos/web2/weydson/atividade_01/vendor/laravel/framework/src/Illuminate/Console/View/Components/Task.php(41): Illuminate\\Database\\Migrations\\Migrator->{closure:Illuminate\\Database\\Migrations\\Migrator::runUp():250}()
#14 /home/silva/Documentos/web2/weydson/atividade_01/vendor/laravel/framework/src/Illuminate/Database/Migrations/Migrator.php(805): Illuminate\\Console\\View\\Components\\Task->render()
#15 /home/silva/Documentos/web2/weydson/atividade_01/vendor/laravel/framework/src/Illuminate/Database/Migrations/Migrator.php(250): Illuminate\\Database\\Migrations\\Migrator->write()
#16 /home/silva/Documentos/web2/weydson/atividade_01/vendor/laravel/framework/src/Illuminate/Database/Migrations/Migrator.php(210): Illuminate\\Database\\Migrations\\Migrator->runUp()
#17 /home/silva/Documentos/web2/weydson/atividade_01/vendor/laravel/framework/src/Illuminate/Database/Migrations/Migrator.php(137): Illuminate\\Database\\Migrations\\Migrator->runPending()
#18 /home/silva/Documentos/web2/weydson/atividade_01/vendor/laravel/framework/src/Illuminate/Database/Console/Migrations/MigrateCommand.php(116): Illuminate\\Database\\Migrations\\Migrator->run()
#19 /home/silva/Documentos/web2/weydson/atividade_01/vendor/laravel/framework/src/Illuminate/Database/Migrations/Migrator.php(665): Illuminate\\Database\\Console\\Migrations\\MigrateCommand->{closure:Illuminate\\Database\\Console\\Migrations\\MigrateCommand::runMigrations():109}()
#20 /home/silva/Documentos/web2/weydson/atividade_01/vendor/laravel/framework/src/Illuminate/Database/Console/Migrations/MigrateCommand.php(109): Illuminate\\Database\\Migrations\\Migrator->usingConnection()
#21 /home/silva/Documentos/web2/weydson/atividade_01/vendor/laravel/framework/src/Illuminate/Database/Console/Migrations/MigrateCommand.php(88): Illuminate\\Database\\Console\\Migrations\\MigrateCommand->runMigrations()
#22 /home/silva/Documentos/web2/weydson/atividade_01/vendor/laravel/framework/src/Illuminate/Container/BoundMethod.php(36): Illuminate\\Database\\Console\\Migrations\\MigrateCommand->handle()
#23 /home/silva/Documentos/web2/weydson/atividade_01/vendor/laravel/framework/src/Illuminate/Container/Util.php(43): Illuminate\\Container\\BoundMethod::{closure:Illuminate\\Container\\BoundMethod::call():35}()
#24 /home/silva/Documentos/web2/weydson/atividade_01/vendor/laravel/framework/src/Illuminate/Container/BoundMethod.php(96): Illuminate\\Container\\Util::unwrapIfClosure()
#25 /home/silva/Documentos/web2/weydson/atividade_01/vendor/laravel/framework/src/Illuminate/Container/BoundMethod.php(35): Illuminate\\Container\\BoundMethod::callBoundMethod()
#26 /home/silva/Documentos/web2/weydson/atividade_01/vendor/laravel/framework/src/Illuminate/Container/Container.php(754): Illuminate\\Container\\BoundMethod::call()
#27 /home/silva/Documentos/web2/weydson/atividade_01/vendor/laravel/framework/src/Illuminate/Console/Command.php(211): Illuminate\\Container\\Container->call()
#28 /home/silva/Documentos/web2/weydson/atividade_01/vendor/symfony/console/Command/Command.php(279): Illuminate\\Console\\Command->execute()
#29 /home/silva/Documentos/web2/weydson/atividade_01/vendor/laravel/framework/src/Illuminate/Console/Command.php(180): Symfony\\Component\\Console\\Command\\Command->run()
#30 /home/silva/Documentos/web2/weydson/atividade_01/vendor/symfony/console/Application.php(1094): Illuminate\\Console\\Command->run()
#31 /home/silva/Documentos/web2/weydson/atividade_01/vendor/symfony/console/Application.php(342): Symfony\\Component\\Console\\Application->doRunCommand()
#32 /home/silva/Documentos/web2/weydson/atividade_01/vendor/symfony/console/Application.php(193): Symfony\\Component\\Console\\Application->doRun()
#33 /home/silva/Documentos/web2/weydson/atividade_01/vendor/laravel/framework/src/Illuminate/Foundation/Console/Kernel.php(197): Symfony\\Component\\Console\\Application->run()
#34 /home/silva/Documentos/web2/weydson/atividade_01/vendor/laravel/framework/src/Illuminate/Foundation/Application.php(1234): Illuminate\\Foundation\\Console\\Kernel->handle()
#35 /home/silva/Documentos/web2/weydson/atividade_01/artisan(16): Illuminate\\Foundation\\Application->handleCommand()
#36 {main}
"} 
[2025-05-09 12:44:31] local.ERROR: Command "un" is not defined.

Did you mean one of these?
    cache:prune-stale-tags
    model:prune
    queue:prune-batches
    queue:prune-failed
    schedule:run
    storage:unlink {"exception":"[object] (Symfony\\Component\\Console\\Exception\\CommandNotFoundException(code: 0): Command \"un\" is not defined.

Did you mean one of these?
    cache:prune-stale-tags
    model:prune
    queue:prune-batches
    queue:prune-failed
    schedule:run
    storage:unlink at /home/silva/Documentos/web2/weydson/atividade_01/vendor/symfony/console/Application.php:726)
[stacktrace]
#0 /home/silva/Documentos/web2/weydson/atividade_01/vendor/symfony/console/Application.php(284): Symfony\\Component\\Console\\Application->find()
#1 /home/silva/Documentos/web2/weydson/atividade_01/vendor/symfony/console/Application.php(193): Symfony\\Component\\Console\\Application->doRun()
#2 /home/silva/Documentos/web2/weydson/atividade_01/vendor/laravel/framework/src/Illuminate/Foundation/Console/Kernel.php(197): Symfony\\Component\\Console\\Application->run()
#3 /home/silva/Documentos/web2/weydson/atividade_01/vendor/laravel/framework/src/Illuminate/Foundation/Application.php(1234): Illuminate\\Foundation\\Console\\Kernel->handle()
#4 /home/silva/Documentos/web2/weydson/atividade_01/artisan(16): Illuminate\\Foundation\\Application->handleCommand()
#5 {main}
"} 
[2025-05-15 14:12:02] production.ERROR: Class "Database\Seeders\Category" not found {"exception":"[object] (Error(code: 0): Class \"Database\\Seeders\\Category\" not found at /home/silva/Documentos/web2/weydson/atividade_03/database/seeders/CategorySeeder.php:29)
[stacktrace]
#0 /home/silva/Documentos/web2/weydson/atividade_03/vendor/laravel/framework/src/Illuminate/Container/BoundMethod.php(36): Database\\Seeders\\CategorySeeder->run()
#1 /home/silva/Documentos/web2/weydson/atividade_03/vendor/laravel/framework/src/Illuminate/Container/Util.php(43): Illuminate\\Container\\BoundMethod::{closure:Illuminate\\Container\\BoundMethod::call():35}()
#2 /home/silva/Documentos/web2/weydson/atividade_03/vendor/laravel/framework/src/Illuminate/Container/BoundMethod.php(96): Illuminate\\Container\\Util::unwrapIfClosure()
#3 /home/silva/Documentos/web2/weydson/atividade_03/vendor/laravel/framework/src/Illuminate/Container/BoundMethod.php(35): Illuminate\\Container\\BoundMethod::callBoundMethod()
#4 /home/silva/Documentos/web2/weydson/atividade_03/vendor/laravel/framework/src/Illuminate/Container/Container.php(754): Illuminate\\Container\\BoundMethod::call()
#5 /home/silva/Documentos/web2/weydson/atividade_03/vendor/laravel/framework/src/Illuminate/Database/Seeder.php(188): Illuminate\\Container\\Container->call()
#6 /home/silva/Documentos/web2/weydson/atividade_03/vendor/laravel/framework/src/Illuminate/Database/Seeder.php(197): Illuminate\\Database\\Seeder->{closure:Illuminate\\Database\\Seeder::__invoke():187}()
#7 /home/silva/Documentos/web2/weydson/atividade_03/vendor/laravel/framework/src/Illuminate/Database/Console/Seeds/SeedCommand.php(71): Illuminate\\Database\\Seeder->__invoke()
#8 /home/silva/Documentos/web2/weydson/atividade_03/vendor/laravel/framework/src/Illuminate/Database/Eloquent/Concerns/GuardsAttributes.php(155): Illuminate\\Database\\Console\\Seeds\\SeedCommand->{closure:Illuminate\\Database\\Console\\Seeds\\SeedCommand::handle():70}()
#9 /home/silva/Documentos/web2/weydson/atividade_03/vendor/laravel/framework/src/Illuminate/Database/Console/Seeds/SeedCommand.php(70): Illuminate\\Database\\Eloquent\\Model::unguarded()
#10 /home/silva/Documentos/web2/weydson/atividade_03/vendor/laravel/framework/src/Illuminate/Container/BoundMethod.php(36): Illuminate\\Database\\Console\\Seeds\\SeedCommand->handle()
#11 /home/silva/Documentos/web2/weydson/atividade_03/vendor/laravel/framework/src/Illuminate/Container/Util.php(43): Illuminate\\Container\\BoundMethod::{closure:Illuminate\\Container\\BoundMethod::call():35}()
#12 /home/silva/Documentos/web2/weydson/atividade_03/vendor/laravel/framework/src/Illuminate/Container/BoundMethod.php(96): Illuminate\\Container\\Util::unwrapIfClosure()
#13 /home/silva/Documentos/web2/weydson/atividade_03/vendor/laravel/framework/src/Illuminate/Container/BoundMethod.php(35): Illuminate\\Container\\BoundMethod::callBoundMethod()
#14 /home/silva/Documentos/web2/weydson/atividade_03/vendor/laravel/framework/src/Illuminate/Container/Container.php(754): Illuminate\\Container\\BoundMethod::call()
#15 /home/silva/Documentos/web2/weydson/atividade_03/vendor/laravel/framework/src/Illuminate/Console/Command.php(211): Illuminate\\Container\\Container->call()
#16 /home/silva/Documentos/web2/weydson/atividade_03/vendor/symfony/console/Command/Command.php(279): Illuminate\\Console\\Command->execute()
#17 /home/silva/Documentos/web2/weydson/atividade_03/vendor/laravel/framework/src/Illuminate/Console/Command.php(180): Symfony\\Component\\Console\\Command\\Command->run()
#18 /home/silva/Documentos/web2/weydson/atividade_03/vendor/symfony/console/Application.php(1094): Illuminate\\Console\\Command->run()
#19 /home/silva/Documentos/web2/weydson/atividade_03/vendor/symfony/console/Application.php(342): Symfony\\Component\\Console\\Application->doRunCommand()
#20 /home/silva/Documentos/web2/weydson/atividade_03/vendor/symfony/console/Application.php(193): Symfony\\Component\\Console\\Application->doRun()
#21 /home/silva/Documentos/web2/weydson/atividade_03/vendor/laravel/framework/src/Illuminate/Foundation/Console/Kernel.php(197): Symfony\\Component\\Console\\Application->run()
#22 /home/silva/Documentos/web2/weydson/atividade_03/vendor/laravel/framework/src/Illuminate/Foundation/Application.php(1234): Illuminate\\Foundation\\Console\\Kernel->handle()
#23 /home/silva/Documentos/web2/weydson/atividade_03/artisan(16): Illuminate\\Foundation\\Application->handleCommand()
#24 {main}
"} 
[2025-05-15 14:12:45] production.ERROR: syntax error, unexpected token "/", expecting "," or ";" {"exception":"[object] (ParseError(code: 0): syntax error, unexpected token \"/\", expecting \",\" or \";\" at /home/silva/Documentos/web2/weydson/atividade_03/database/seeders/CategorySeeder.php:7)
[stacktrace]
#0 /home/silva/Documentos/web2/weydson/atividade_03/vendor/composer/ClassLoader.php(427): {closure:Composer\\Autoload\\ClassLoader::initializeIncludeClosure():575}()
#1 [internal function]: Composer\\Autoload\\ClassLoader->loadClass()
#2 /home/silva/Documentos/web2/weydson/atividade_03/vendor/laravel/framework/src/Illuminate/Container/Container.php(1017): ReflectionClass->__construct()
#3 /home/silva/Documentos/web2/weydson/atividade_03/vendor/laravel/framework/src/Illuminate/Container/Container.php(890): Illuminate\\Container\\Container->build()
#4 /home/silva/Documentos/web2/weydson/atividade_03/vendor/laravel/framework/src/Illuminate/Foundation/Application.php(1077): Illuminate\\Container\\Container->resolve()
#5 /home/silva/Documentos/web2/weydson/atividade_03/vendor/laravel/framework/src/Illuminate/Container/Container.php(821): Illuminate\\Foundation\\Application->resolve()
#6 /home/silva/Documentos/web2/weydson/atividade_03/vendor/laravel/framework/src/Illuminate/Foundation/Application.php(1057): Illuminate\\Container\\Container->make()
#7 /home/silva/Documentos/web2/weydson/atividade_03/vendor/laravel/framework/src/Illuminate/Database/Console/Seeds/SeedCommand.php(99): Illuminate\\Foundation\\Application->make()
#8 /home/silva/Documentos/web2/weydson/atividade_03/vendor/laravel/framework/src/Illuminate/Database/Console/Seeds/SeedCommand.php(71): Illuminate\\Database\\Console\\Seeds\\SeedCommand->getSeeder()
#9 /home/silva/Documentos/web2/weydson/atividade_03/vendor/laravel/framework/src/Illuminate/Database/Eloquent/Concerns/GuardsAttributes.php(155): Illuminate\\Database\\Console\\Seeds\\SeedCommand->{closure:Illuminate\\Database\\Console\\Seeds\\SeedCommand::handle():70}()
#10 /home/silva/Documentos/web2/weydson/atividade_03/vendor/laravel/framework/src/Illuminate/Database/Console/Seeds/SeedCommand.php(70): Illuminate\\Database\\Eloquent\\Model::unguarded()
#11 /home/silva/Documentos/web2/weydson/atividade_03/vendor/laravel/framework/src/Illuminate/Container/BoundMethod.php(36): Illuminate\\Database\\Console\\Seeds\\SeedCommand->handle()
#12 /home/silva/Documentos/web2/weydson/atividade_03/vendor/laravel/framework/src/Illuminate/Container/Util.php(43): Illuminate\\Container\\BoundMethod::{closure:Illuminate\\Container\\BoundMethod::call():35}()
#13 /home/silva/Documentos/web2/weydson/atividade_03/vendor/laravel/framework/src/Illuminate/Container/BoundMethod.php(96): Illuminate\\Container\\Util::unwrapIfClosure()
#14 /home/silva/Documentos/web2/weydson/atividade_03/vendor/laravel/framework/src/Illuminate/Container/BoundMethod.php(35): Illuminate\\Container\\BoundMethod::callBoundMethod()
#15 /home/silva/Documentos/web2/weydson/atividade_03/vendor/laravel/framework/src/Illuminate/Container/Container.php(754): Illuminate\\Container\\BoundMethod::call()
#16 /home/silva/Documentos/web2/weydson/atividade_03/vendor/laravel/framework/src/Illuminate/Console/Command.php(211): Illuminate\\Container\\Container->call()
#17 /home/silva/Documentos/web2/weydson/atividade_03/vendor/symfony/console/Command/Command.php(279): Illuminate\\Console\\Command->execute()
#18 /home/silva/Documentos/web2/weydson/atividade_03/vendor/laravel/framework/src/Illuminate/Console/Command.php(180): Symfony\\Component\\Console\\Command\\Command->run()
#19 /home/silva/Documentos/web2/weydson/atividade_03/vendor/symfony/console/Application.php(1094): Illuminate\\Console\\Command->run()
#20 /home/silva/Documentos/web2/weydson/atividade_03/vendor/symfony/console/Application.php(342): Symfony\\Component\\Console\\Application->doRunCommand()
#21 /home/silva/Documentos/web2/weydson/atividade_03/vendor/symfony/console/Application.php(193): Symfony\\Component\\Console\\Application->doRun()
#22 /home/silva/Documentos/web2/weydson/atividade_03/vendor/laravel/framework/src/Illuminate/Foundation/Console/Kernel.php(197): Symfony\\Component\\Console\\Application->run()
#23 /home/silva/Documentos/web2/weydson/atividade_03/vendor/laravel/framework/src/Illuminate/Foundation/Application.php(1234): Illuminate\\Foundation\\Console\\Kernel->handle()
#24 /home/silva/Documentos/web2/weydson/atividade_03/artisan(16): Illuminate\\Foundation\\Application->handleCommand()
#25 {main}
"} 
[2025-05-15 14:13:00] production.ERROR: Class "app\models\Category" not found {"exception":"[object] (Error(code: 0): Class \"app\\models\\Category\" not found at /home/silva/Documentos/web2/weydson/atividade_03/database/seeders/CategorySeeder.php:30)
[stacktrace]
#0 /home/silva/Documentos/web2/weydson/atividade_03/vendor/laravel/framework/src/Illuminate/Container/BoundMethod.php(36): Database\\Seeders\\CategorySeeder->run()
#1 /home/silva/Documentos/web2/weydson/atividade_03/vendor/laravel/framework/src/Illuminate/Container/Util.php(43): Illuminate\\Container\\BoundMethod::{closure:Illuminate\\Container\\BoundMethod::call():35}()
#2 /home/silva/Documentos/web2/weydson/atividade_03/vendor/laravel/framework/src/Illuminate/Container/BoundMethod.php(96): Illuminate\\Container\\Util::unwrapIfClosure()
#3 /home/silva/Documentos/web2/weydson/atividade_03/vendor/laravel/framework/src/Illuminate/Container/BoundMethod.php(35): Illuminate\\Container\\BoundMethod::callBoundMethod()
#4 /home/silva/Documentos/web2/weydson/atividade_03/vendor/laravel/framework/src/Illuminate/Container/Container.php(754): Illuminate\\Container\\BoundMethod::call()
#5 /home/silva/Documentos/web2/weydson/atividade_03/vendor/laravel/framework/src/Illuminate/Database/Seeder.php(188): Illuminate\\Container\\Container->call()
#6 /home/silva/Documentos/web2/weydson/atividade_03/vendor/laravel/framework/src/Illuminate/Database/Seeder.php(197): Illuminate\\Database\\Seeder->{closure:Illuminate\\Database\\Seeder::__invoke():187}()
#7 /home/silva/Documentos/web2/weydson/atividade_03/vendor/laravel/framework/src/Illuminate/Database/Console/Seeds/SeedCommand.php(71): Illuminate\\Database\\Seeder->__invoke()
#8 /home/silva/Documentos/web2/weydson/atividade_03/vendor/laravel/framework/src/Illuminate/Database/Eloquent/Concerns/GuardsAttributes.php(155): Illuminate\\Database\\Console\\Seeds\\SeedCommand->{closure:Illuminate\\Database\\Console\\Seeds\\SeedCommand::handle():70}()
#9 /home/silva/Documentos/web2/weydson/atividade_03/vendor/laravel/framework/src/Illuminate/Database/Console/Seeds/SeedCommand.php(70): Illuminate\\Database\\Eloquent\\Model::unguarded()
#10 /home/silva/Documentos/web2/weydson/atividade_03/vendor/laravel/framework/src/Illuminate/Container/BoundMethod.php(36): Illuminate\\Database\\Console\\Seeds\\SeedCommand->handle()
#11 /home/silva/Documentos/web2/weydson/atividade_03/vendor/laravel/framework/src/Illuminate/Container/Util.php(43): Illuminate\\Container\\BoundMethod::{closure:Illuminate\\Container\\BoundMethod::call():35}()
#12 /home/silva/Documentos/web2/weydson/atividade_03/vendor/laravel/framework/src/Illuminate/Container/BoundMethod.php(96): Illuminate\\Container\\Util::unwrapIfClosure()
#13 /home/silva/Documentos/web2/weydson/atividade_03/vendor/laravel/framework/src/Illuminate/Container/BoundMethod.php(35): Illuminate\\Container\\BoundMethod::callBoundMethod()
#14 /home/silva/Documentos/web2/weydson/atividade_03/vendor/laravel/framework/src/Illuminate/Container/Container.php(754): Illuminate\\Container\\BoundMethod::call()
#15 /home/silva/Documentos/web2/weydson/atividade_03/vendor/laravel/framework/src/Illuminate/Console/Command.php(211): Illuminate\\Container\\Container->call()
#16 /home/silva/Documentos/web2/weydson/atividade_03/vendor/symfony/console/Command/Command.php(279): Illuminate\\Console\\Command->execute()
#17 /home/silva/Documentos/web2/weydson/atividade_03/vendor/laravel/framework/src/Illuminate/Console/Command.php(180): Symfony\\Component\\Console\\Command\\Command->run()
#18 /home/silva/Documentos/web2/weydson/atividade_03/vendor/symfony/console/Application.php(1094): Illuminate\\Console\\Command->run()
#19 /home/silva/Documentos/web2/weydson/atividade_03/vendor/symfony/console/Application.php(342): Symfony\\Component\\Console\\Application->doRunCommand()
#20 /home/silva/Documentos/web2/weydson/atividade_03/vendor/symfony/console/Application.php(193): Symfony\\Component\\Console\\Application->doRun()
#21 /home/silva/Documentos/web2/weydson/atividade_03/vendor/laravel/framework/src/Illuminate/Foundation/Console/Kernel.php(197): Symfony\\Component\\Console\\Application->run()
#22 /home/silva/Documentos/web2/weydson/atividade_03/vendor/laravel/framework/src/Illuminate/Foundation/Application.php(1234): Illuminate\\Foundation\\Console\\Kernel->handle()
#23 /home/silva/Documentos/web2/weydson/atividade_03/artisan(16): Illuminate\\Foundation\\Application->handleCommand()
#24 {main}
"} 
[2025-05-15 14:13:53] production.ERROR: Trait "App\Models\hasFactory" not found {"exception":"[object] (Symfony\\Component\\ErrorHandler\\Error\\FatalError(code: 0): Trait \"App\\Models\\hasFactory\" not found at /home/silva/Documentos/web2/weydson/atividade_03/app/Models/Category.php:7)
[stacktrace]
#0 {main}
"} 
[2025-05-15 14:14:28] production.ERROR: syntax error, unexpected token "use", expecting "," or ";" {"exception":"[object] (ParseError(code: 0): syntax error, unexpected token \"use\", expecting \",\" or \";\" at /home/silva/Documentos/web2/weydson/atividade_03/app/Models/Category.php:6)
[stacktrace]
#0 /home/silva/Documentos/web2/weydson/atividade_03/vendor/composer/ClassLoader.php(427): {closure:Composer\\Autoload\\ClassLoader::initializeIncludeClosure():575}()
#1 /home/silva/Documentos/web2/weydson/atividade_03/database/seeders/CategorySeeder.php(30): Composer\\Autoload\\ClassLoader->loadClass()
#2 /home/silva/Documentos/web2/weydson/atividade_03/vendor/laravel/framework/src/Illuminate/Container/BoundMethod.php(36): Database\\Seeders\\CategorySeeder->run()
#3 /home/silva/Documentos/web2/weydson/atividade_03/vendor/laravel/framework/src/Illuminate/Container/Util.php(43): Illuminate\\Container\\BoundMethod::{closure:Illuminate\\Container\\BoundMethod::call():35}()
#4 /home/silva/Documentos/web2/weydson/atividade_03/vendor/laravel/framework/src/Illuminate/Container/BoundMethod.php(96): Illuminate\\Container\\Util::unwrapIfClosure()
#5 /home/silva/Documentos/web2/weydson/atividade_03/vendor/laravel/framework/src/Illuminate/Container/BoundMethod.php(35): Illuminate\\Container\\BoundMethod::callBoundMethod()
#6 /home/silva/Documentos/web2/weydson/atividade_03/vendor/laravel/framework/src/Illuminate/Container/Container.php(754): Illuminate\\Container\\BoundMethod::call()
#7 /home/silva/Documentos/web2/weydson/atividade_03/vendor/laravel/framework/src/Illuminate/Database/Seeder.php(188): Illuminate\\Container\\Container->call()
#8 /home/silva/Documentos/web2/weydson/atividade_03/vendor/laravel/framework/src/Illuminate/Database/Seeder.php(197): Illuminate\\Database\\Seeder->{closure:Illuminate\\Database\\Seeder::__invoke():187}()
#9 /home/silva/Documentos/web2/weydson/atividade_03/vendor/laravel/framework/src/Illuminate/Database/Console/Seeds/SeedCommand.php(71): Illuminate\\Database\\Seeder->__invoke()
#10 /home/silva/Documentos/web2/weydson/atividade_03/vendor/laravel/framework/src/Illuminate/Database/Eloquent/Concerns/GuardsAttributes.php(155): Illuminate\\Database\\Console\\Seeds\\SeedCommand->{closure:Illuminate\\Database\\Console\\Seeds\\SeedCommand::handle():70}()
#11 /home/silva/Documentos/web2/weydson/atividade_03/vendor/laravel/framework/src/Illuminate/Database/Console/Seeds/SeedCommand.php(70): Illuminate\\Database\\Eloquent\\Model::unguarded()
#12 /home/silva/Documentos/web2/weydson/atividade_03/vendor/laravel/framework/src/Illuminate/Container/BoundMethod.php(36): Illuminate\\Database\\Console\\Seeds\\SeedCommand->handle()
#13 /home/silva/Documentos/web2/weydson/atividade_03/vendor/laravel/framework/src/Illuminate/Container/Util.php(43): Illuminate\\Container\\BoundMethod::{closure:Illuminate\\Container\\BoundMethod::call():35}()
#14 /home/silva/Documentos/web2/weydson/atividade_03/vendor/laravel/framework/src/Illuminate/Container/BoundMethod.php(96): Illuminate\\Container\\Util::unwrapIfClosure()
#15 /home/silva/Documentos/web2/weydson/atividade_03/vendor/laravel/framework/src/Illuminate/Container/BoundMethod.php(35): Illuminate\\Container\\BoundMethod::callBoundMethod()
#16 /home/silva/Documentos/web2/weydson/atividade_03/vendor/laravel/framework/src/Illuminate/Container/Container.php(754): Illuminate\\Container\\BoundMethod::call()
#17 /home/silva/Documentos/web2/weydson/atividade_03/vendor/laravel/framework/src/Illuminate/Console/Command.php(211): Illuminate\\Container\\Container->call()
#18 /home/silva/Documentos/web2/weydson/atividade_03/vendor/symfony/console/Command/Command.php(279): Illuminate\\Console\\Command->execute()
#19 /home/silva/Documentos/web2/weydson/atividade_03/vendor/laravel/framework/src/Illuminate/Console/Command.php(180): Symfony\\Component\\Console\\Command\\Command->run()
#20 /home/silva/Documentos/web2/weydson/atividade_03/vendor/symfony/console/Application.php(1094): Illuminate\\Console\\Command->run()
#21 /home/silva/Documentos/web2/weydson/atividade_03/vendor/symfony/console/Application.php(342): Symfony\\Component\\Console\\Application->doRunCommand()
#22 /home/silva/Documentos/web2/weydson/atividade_03/vendor/symfony/console/Application.php(193): Symfony\\Component\\Console\\Application->doRun()
#23 /home/silva/Documentos/web2/weydson/atividade_03/vendor/laravel/framework/src/Illuminate/Foundation/Console/Kernel.php(197): Symfony\\Component\\Console\\Application->run()
#24 /home/silva/Documentos/web2/weydson/atividade_03/vendor/laravel/framework/src/Illuminate/Foundation/Application.php(1234): Illuminate\\Foundation\\Console\\Kernel->handle()
#25 /home/silva/Documentos/web2/weydson/atividade_03/artisan(16): Illuminate\\Foundation\\Application->handleCommand()
#26 {main}
"} 
[2025-05-15 14:14:42] production.ERROR: could not find driver (Connection: sqlite, SQL: insert into "categories" ("name", "updated_at", "created_at") values (Ficção, 2025-05-15 14:14:42, 2025-05-15 14:14:42)) {"exception":"[object] (Illuminate\\Database\\QueryException(code: 0): could not find driver (Connection: sqlite, SQL: insert into \"categories\" (\"name\", \"updated_at\", \"created_at\") values (Ficção, 2025-05-15 14:14:42, 2025-05-15 14:14:42)) at /home/silva/Documentos/web2/weydson/atividade_03/vendor/laravel/framework/src/Illuminate/Database/Connection.php:822)
[stacktrace]
#0 /home/silva/Documentos/web2/weydson/atividade_03/vendor/laravel/framework/src/Illuminate/Database/Connection.php(776): Illuminate\\Database\\Connection->runQueryCallback()
#1 /home/silva/Documentos/web2/weydson/atividade_03/vendor/laravel/framework/src/Illuminate/Database/Connection.php(557): Illuminate\\Database\\Connection->run()
#2 /home/silva/Documentos/web2/weydson/atividade_03/vendor/laravel/framework/src/Illuminate/Database/Connection.php(521): Illuminate\\Database\\Connection->statement()
#3 /home/silva/Documentos/web2/weydson/atividade_03/vendor/laravel/framework/src/Illuminate/Database/Query/Processors/Processor.php(32): Illuminate\\Database\\Connection->insert()
#4 /home/silva/Documentos/web2/weydson/atividade_03/vendor/laravel/framework/src/Illuminate/Database/Query/Builder.php(3779): Illuminate\\Database\\Query\\Processors\\Processor->processInsertGetId()
#5 /home/silva/Documentos/web2/weydson/atividade_03/vendor/laravel/framework/src/Illuminate/Database/Eloquent/Builder.php(2204): Illuminate\\Database\\Query\\Builder->insertGetId()
#6 /home/silva/Documentos/web2/weydson/atividade_03/vendor/laravel/framework/src/Illuminate/Database/Eloquent/Model.php(1408): Illuminate\\Database\\Eloquent\\Builder->__call()
#7 /home/silva/Documentos/web2/weydson/atividade_03/vendor/laravel/framework/src/Illuminate/Database/Eloquent/Model.php(1373): Illuminate\\Database\\Eloquent\\Model->insertAndSetId()
#8 /home/silva/Documentos/web2/weydson/atividade_03/vendor/laravel/framework/src/Illuminate/Database/Eloquent/Model.php(1212): Illuminate\\Database\\Eloquent\\Model->performInsert()
#9 /home/silva/Documentos/web2/weydson/atividade_03/vendor/laravel/framework/src/Illuminate/Database/Eloquent/Builder.php(1188): Illuminate\\Database\\Eloquent\\Model->save()
#10 /home/silva/Documentos/web2/weydson/atividade_03/vendor/laravel/framework/src/Illuminate/Support/helpers.php(399): Illuminate\\Database\\Eloquent\\Builder->{closure:Illuminate\\Database\\Eloquent\\Builder::create():1187}()
#11 /home/silva/Documentos/web2/weydson/atividade_03/vendor/laravel/framework/src/Illuminate/Database/Eloquent/Builder.php(1187): tap()
#12 /home/silva/Documentos/web2/weydson/atividade_03/vendor/laravel/framework/src/Illuminate/Support/Traits/ForwardsCalls.php(23): Illuminate\\Database\\Eloquent\\Builder->create()
#13 /home/silva/Documentos/web2/weydson/atividade_03/vendor/laravel/framework/src/Illuminate/Database/Eloquent/Model.php(2449): Illuminate\\Database\\Eloquent\\Model->forwardCallTo()
#14 /home/silva/Documentos/web2/weydson/atividade_03/vendor/laravel/framework/src/Illuminate/Database/Eloquent/Model.php(2465): Illuminate\\Database\\Eloquent\\Model->__call()
#15 /home/silva/Documentos/web2/weydson/atividade_03/database/seeders/CategorySeeder.php(30): Illuminate\\Database\\Eloquent\\Model::__callStatic()
#16 /home/silva/Documentos/web2/weydson/atividade_03/vendor/laravel/framework/src/Illuminate/Container/BoundMethod.php(36): Database\\Seeders\\CategorySeeder->run()
#17 /home/silva/Documentos/web2/weydson/atividade_03/vendor/laravel/framework/src/Illuminate/Container/Util.php(43): Illuminate\\Container\\BoundMethod::{closure:Illuminate\\Container\\BoundMethod::call():35}()
#18 /home/silva/Documentos/web2/weydson/atividade_03/vendor/laravel/framework/src/Illuminate/Container/BoundMethod.php(96): Illuminate\\Container\\Util::unwrapIfClosure()
#19 /home/silva/Documentos/web2/weydson/atividade_03/vendor/laravel/framework/src/Illuminate/Container/BoundMethod.php(35): Illuminate\\Container\\BoundMethod::callBoundMethod()
#20 /home/silva/Documentos/web2/weydson/atividade_03/vendor/laravel/framework/src/Illuminate/Container/Container.php(754): Illuminate\\Container\\BoundMethod::call()
#21 /home/silva/Documentos/web2/weydson/atividade_03/vendor/laravel/framework/src/Illuminate/Database/Seeder.php(188): Illuminate\\Container\\Container->call()
#22 /home/silva/Documentos/web2/weydson/atividade_03/vendor/laravel/framework/src/Illuminate/Database/Seeder.php(197): Illuminate\\Database\\Seeder->{closure:Illuminate\\Database\\Seeder::__invoke():187}()
#23 /home/silva/Documentos/web2/weydson/atividade_03/vendor/laravel/framework/src/Illuminate/Database/Console/Seeds/SeedCommand.php(71): Illuminate\\Database\\Seeder->__invoke()
#24 /home/silva/Documentos/web2/weydson/atividade_03/vendor/laravel/framework/src/Illuminate/Database/Eloquent/Concerns/GuardsAttributes.php(155): Illuminate\\Database\\Console\\Seeds\\SeedCommand->{closure:Illuminate\\Database\\Console\\Seeds\\SeedCommand::handle():70}()
#25 /home/silva/Documentos/web2/weydson/atividade_03/vendor/laravel/framework/src/Illuminate/Database/Console/Seeds/SeedCommand.php(70): Illuminate\\Database\\Eloquent\\Model::unguarded()
#26 /home/silva/Documentos/web2/weydson/atividade_03/vendor/laravel/framework/src/Illuminate/Container/BoundMethod.php(36): Illuminate\\Database\\Console\\Seeds\\SeedCommand->handle()
#27 /home/silva/Documentos/web2/weydson/atividade_03/vendor/laravel/framework/src/Illuminate/Container/Util.php(43): Illuminate\\Container\\BoundMethod::{closure:Illuminate\\Container\\BoundMethod::call():35}()
#28 /home/silva/Documentos/web2/weydson/atividade_03/vendor/laravel/framework/src/Illuminate/Container/BoundMethod.php(96): Illuminate\\Container\\Util::unwrapIfClosure()
#29 /home/silva/Documentos/web2/weydson/atividade_03/vendor/laravel/framework/src/Illuminate/Container/BoundMethod.php(35): Illuminate\\Container\\BoundMethod::callBoundMethod()
#30 /home/silva/Documentos/web2/weydson/atividade_03/vendor/laravel/framework/src/Illuminate/Container/Container.php(754): Illuminate\\Container\\BoundMethod::call()
#31 /home/silva/Documentos/web2/weydson/atividade_03/vendor/laravel/framework/src/Illuminate/Console/Command.php(211): Illuminate\\Container\\Container->call()
#32 /home/silva/Documentos/web2/weydson/atividade_03/vendor/symfony/console/Command/Command.php(279): Illuminate\\Console\\Command->execute()
#33 /home/silva/Documentos/web2/weydson/atividade_03/vendor/laravel/framework/src/Illuminate/Console/Command.php(180): Symfony\\Component\\Console\\Command\\Command->run()
#34 /home/silva/Documentos/web2/weydson/atividade_03/vendor/symfony/console/Application.php(1094): Illuminate\\Console\\Command->run()
#35 /home/silva/Documentos/web2/weydson/atividade_03/vendor/symfony/console/Application.php(342): Symfony\\Component\\Console\\Application->doRunCommand()
#36 /home/silva/Documentos/web2/weydson/atividade_03/vendor/symfony/console/Application.php(193): Symfony\\Component\\Console\\Application->doRun()
#37 /home/silva/Documentos/web2/weydson/atividade_03/vendor/laravel/framework/src/Illuminate/Foundation/Console/Kernel.php(197): Symfony\\Component\\Console\\Application->run()
#38 /home/silva/Documentos/web2/weydson/atividade_03/vendor/laravel/framework/src/Illuminate/Foundation/Application.php(1234): Illuminate\\Foundation\\Console\\Kernel->handle()
#39 /home/silva/Documentos/web2/weydson/atividade_03/artisan(16): Illuminate\\Foundation\\Application->handleCommand()
#40 {main}

[previous exception] [object] (PDOException(code: 0): could not find driver at /home/silva/Documentos/web2/weydson/atividade_03/vendor/laravel/framework/src/Illuminate/Database/Connectors/Connector.php:67)
[stacktrace]
#0 /home/silva/Documentos/web2/weydson/atividade_03/vendor/laravel/framework/src/Illuminate/Database/Connectors/Connector.php(67): PDO::connect()
#1 /home/silva/Documentos/web2/weydson/atividade_03/vendor/laravel/framework/src/Illuminate/Database/Connectors/Connector.php(44): Illuminate\\Database\\Connectors\\Connector->createPdoConnection()
#2 /home/silva/Documentos/web2/weydson/atividade_03/vendor/laravel/framework/src/Illuminate/Database/Connectors/SQLiteConnector.php(21): Illuminate\\Database\\Connectors\\Connector->createConnection()
#3 /home/silva/Documentos/web2/weydson/atividade_03/vendor/laravel/framework/src/Illuminate/Database/Connectors/ConnectionFactory.php(223): Illuminate\\Database\\Connectors\\SQLiteConnector->connect()
#4 [internal function]: Illuminate\\Database\\Connectors\\ConnectionFactory->{closure:Illuminate\\Database\\Connectors\\ConnectionFactory::createPdoResolverWithoutHosts():223}()
#5 /home/silva/Documentos/web2/weydson/atividade_03/vendor/laravel/framework/src/Illuminate/Database/Connection.php(1228): call_user_func()
#6 /home/silva/Documentos/web2/weydson/atividade_03/vendor/laravel/framework/src/Illuminate/Database/Connection.php(562): Illuminate\\Database\\Connection->getPdo()
#7 /home/silva/Documentos/web2/weydson/atividade_03/vendor/laravel/framework/src/Illuminate/Database/Connection.php(809): Illuminate\\Database\\Connection->{closure:Illuminate\\Database\\Connection::statement():557}()
#8 /home/silva/Documentos/web2/weydson/atividade_03/vendor/laravel/framework/src/Illuminate/Database/Connection.php(776): Illuminate\\Database\\Connection->runQueryCallback()
#9 /home/silva/Documentos/web2/weydson/atividade_03/vendor/laravel/framework/src/Illuminate/Database/Connection.php(557): Illuminate\\Database\\Connection->run()
#10 /home/silva/Documentos/web2/weydson/atividade_03/vendor/laravel/framework/src/Illuminate/Database/Connection.php(521): Illuminate\\Database\\Connection->statement()
#11 /home/silva/Documentos/web2/weydson/atividade_03/vendor/laravel/framework/src/Illuminate/Database/Query/Processors/Processor.php(32): Illuminate\\Database\\Connection->insert()
#12 /home/silva/Documentos/web2/weydson/atividade_03/vendor/laravel/framework/src/Illuminate/Database/Query/Builder.php(3779): Illuminate\\Database\\Query\\Processors\\Processor->processInsertGetId()
#13 /home/silva/Documentos/web2/weydson/atividade_03/vendor/laravel/framework/src/Illuminate/Database/Eloquent/Builder.php(2204): Illuminate\\Database\\Query\\Builder->insertGetId()
#14 /home/silva/Documentos/web2/weydson/atividade_03/vendor/laravel/framework/src/Illuminate/Database/Eloquent/Model.php(1408): Illuminate\\Database\\Eloquent\\Builder->__call()
#15 /home/silva/Documentos/web2/weydson/atividade_03/vendor/laravel/framework/src/Illuminate/Database/Eloquent/Model.php(1373): Illuminate\\Database\\Eloquent\\Model->insertAndSetId()
#16 /home/silva/Documentos/web2/weydson/atividade_03/vendor/laravel/framework/src/Illuminate/Database/Eloquent/Model.php(1212): Illuminate\\Database\\Eloquent\\Model->performInsert()
#17 /home/silva/Documentos/web2/weydson/atividade_03/vendor/laravel/framework/src/Illuminate/Database/Eloquent/Builder.php(1188): Illuminate\\Database\\Eloquent\\Model->save()
#18 /home/silva/Documentos/web2/weydson/atividade_03/vendor/laravel/framework/src/Illuminate/Support/helpers.php(399): Illuminate\\Database\\Eloquent\\Builder->{closure:Illuminate\\Database\\Eloquent\\Builder::create():1187}()
#19 /home/silva/Documentos/web2/weydson/atividade_03/vendor/laravel/framework/src/Illuminate/Database/Eloquent/Builder.php(1187): tap()
#20 /home/silva/Documentos/web2/weydson/atividade_03/vendor/laravel/framework/src/Illuminate/Support/Traits/ForwardsCalls.php(23): Illuminate\\Database\\Eloquent\\Builder->create()
#21 /home/silva/Documentos/web2/weydson/atividade_03/vendor/laravel/framework/src/Illuminate/Database/Eloquent/Model.php(2449): Illuminate\\Database\\Eloquent\\Model->forwardCallTo()
#22 /home/silva/Documentos/web2/weydson/atividade_03/vendor/laravel/framework/src/Illuminate/Database/Eloquent/Model.php(2465): Illuminate\\Database\\Eloquent\\Model->__call()
#23 /home/silva/Documentos/web2/weydson/atividade_03/database/seeders/CategorySeeder.php(30): Illuminate\\Database\\Eloquent\\Model::__callStatic()
#24 /home/silva/Documentos/web2/weydson/atividade_03/vendor/laravel/framework/src/Illuminate/Container/BoundMethod.php(36): Database\\Seeders\\CategorySeeder->run()
#25 /home/silva/Documentos/web2/weydson/atividade_03/vendor/laravel/framework/src/Illuminate/Container/Util.php(43): Illuminate\\Container\\BoundMethod::{closure:Illuminate\\Container\\BoundMethod::call():35}()
#26 /home/silva/Documentos/web2/weydson/atividade_03/vendor/laravel/framework/src/Illuminate/Container/BoundMethod.php(96): Illuminate\\Container\\Util::unwrapIfClosure()
#27 /home/silva/Documentos/web2/weydson/atividade_03/vendor/laravel/framework/src/Illuminate/Container/BoundMethod.php(35): Illuminate\\Container\\BoundMethod::callBoundMethod()
#28 /home/silva/Documentos/web2/weydson/atividade_03/vendor/laravel/framework/src/Illuminate/Container/Container.php(754): Illuminate\\Container\\BoundMethod::call()
#29 /home/silva/Documentos/web2/weydson/atividade_03/vendor/laravel/framework/src/Illuminate/Database/Seeder.php(188): Illuminate\\Container\\Container->call()
#30 /home/silva/Documentos/web2/weydson/atividade_03/vendor/laravel/framework/src/Illuminate/Database/Seeder.php(197): Illuminate\\Database\\Seeder->{closure:Illuminate\\Database\\Seeder::__invoke():187}()
#31 /home/silva/Documentos/web2/weydson/atividade_03/vendor/laravel/framework/src/Illuminate/Database/Console/Seeds/SeedCommand.php(71): Illuminate\\Database\\Seeder->__invoke()
#32 /home/silva/Documentos/web2/weydson/atividade_03/vendor/laravel/framework/src/Illuminate/Database/Eloquent/Concerns/GuardsAttributes.php(155): Illuminate\\Database\\Console\\Seeds\\SeedCommand->{closure:Illuminate\\Database\\Console\\Seeds\\SeedCommand::handle():70}()
#33 /home/silva/Documentos/web2/weydson/atividade_03/vendor/laravel/framework/src/Illuminate/Database/Console/Seeds/SeedCommand.php(70): Illuminate\\Database\\Eloquent\\Model::unguarded()
#34 /home/silva/Documentos/web2/weydson/atividade_03/vendor/laravel/framework/src/Illuminate/Container/BoundMethod.php(36): Illuminate\\Database\\Console\\Seeds\\SeedCommand->handle()
#35 /home/silva/Documentos/web2/weydson/atividade_03/vendor/laravel/framework/src/Illuminate/Container/Util.php(43): Illuminate\\Container\\BoundMethod::{closure:Illuminate\\Container\\BoundMethod::call():35}()
#36 /home/silva/Documentos/web2/weydson/atividade_03/vendor/laravel/framework/src/Illuminate/Container/BoundMethod.php(96): Illuminate\\Container\\Util::unwrapIfClosure()
#37 /home/silva/Documentos/web2/weydson/atividade_03/vendor/laravel/framework/src/Illuminate/Container/BoundMethod.php(35): Illuminate\\Container\\BoundMethod::callBoundMethod()
#38 /home/silva/Documentos/web2/weydson/atividade_03/vendor/laravel/framework/src/Illuminate/Container/Container.php(754): Illuminate\\Container\\BoundMethod::call()
#39 /home/silva/Documentos/web2/weydson/atividade_03/vendor/laravel/framework/src/Illuminate/Console/Command.php(211): Illuminate\\Container\\Container->call()
#40 /home/silva/Documentos/web2/weydson/atividade_03/vendor/symfony/console/Command/Command.php(279): Illuminate\\Console\\Command->execute()
#41 /home/silva/Documentos/web2/weydson/atividade_03/vendor/laravel/framework/src/Illuminate/Console/Command.php(180): Symfony\\Component\\Console\\Command\\Command->run()
#42 /home/silva/Documentos/web2/weydson/atividade_03/vendor/symfony/console/Application.php(1094): Illuminate\\Console\\Command->run()
#43 /home/silva/Documentos/web2/weydson/atividade_03/vendor/symfony/console/Application.php(342): Symfony\\Component\\Console\\Application->doRunCommand()
#44 /home/silva/Documentos/web2/weydson/atividade_03/vendor/symfony/console/Application.php(193): Symfony\\Component\\Console\\Application->doRun()
#45 /home/silva/Documentos/web2/weydson/atividade_03/vendor/laravel/framework/src/Illuminate/Foundation/Console/Kernel.php(197): Symfony\\Component\\Console\\Application->run()
#46 /home/silva/Documentos/web2/weydson/atividade_03/vendor/laravel/framework/src/Illuminate/Foundation/Application.php(1234): Illuminate\\Foundation\\Console\\Kernel->handle()
#47 /home/silva/Documentos/web2/weydson/atividade_03/artisan(16): Illuminate\\Foundation\\Application->handleCommand()
#48 {main}
"} 
[2025-05-15 14:16:41] production.ERROR: could not find driver (Connection: sqlite, SQL: insert into "categories" ("name", "updated_at", "created_at") values (Ficção, 2025-05-15 14:16:41, 2025-05-15 14:16:41)) {"exception":"[object] (Illuminate\\Database\\QueryException(code: 0): could not find driver (Connection: sqlite, SQL: insert into \"categories\" (\"name\", \"updated_at\", \"created_at\") values (Ficção, 2025-05-15 14:16:41, 2025-05-15 14:16:41)) at /home/silva/Documentos/web2/weydson/atividade_03/vendor/laravel/framework/src/Illuminate/Database/Connection.php:822)
[stacktrace]
#0 /home/silva/Documentos/web2/weydson/atividade_03/vendor/laravel/framework/src/Illuminate/Database/Connection.php(776): Illuminate\\Database\\Connection->runQueryCallback()
#1 /home/silva/Documentos/web2/weydson/atividade_03/vendor/laravel/framework/src/Illuminate/Database/Connection.php(557): Illuminate\\Database\\Connection->run()
#2 /home/silva/Documentos/web2/weydson/atividade_03/vendor/laravel/framework/src/Illuminate/Database/Connection.php(521): Illuminate\\Database\\Connection->statement()
#3 /home/silva/Documentos/web2/weydson/atividade_03/vendor/laravel/framework/src/Illuminate/Database/Query/Processors/Processor.php(32): Illuminate\\Database\\Connection->insert()
#4 /home/silva/Documentos/web2/weydson/atividade_03/vendor/laravel/framework/src/Illuminate/Database/Query/Builder.php(3779): Illuminate\\Database\\Query\\Processors\\Processor->processInsertGetId()
#5 /home/silva/Documentos/web2/weydson/atividade_03/vendor/laravel/framework/src/Illuminate/Database/Eloquent/Builder.php(2204): Illuminate\\Database\\Query\\Builder->insertGetId()
#6 /home/silva/Documentos/web2/weydson/atividade_03/vendor/laravel/framework/src/Illuminate/Database/Eloquent/Model.php(1408): Illuminate\\Database\\Eloquent\\Builder->__call()
#7 /home/silva/Documentos/web2/weydson/atividade_03/vendor/laravel/framework/src/Illuminate/Database/Eloquent/Model.php(1373): Illuminate\\Database\\Eloquent\\Model->insertAndSetId()
#8 /home/silva/Documentos/web2/weydson/atividade_03/vendor/laravel/framework/src/Illuminate/Database/Eloquent/Model.php(1212): Illuminate\\Database\\Eloquent\\Model->performInsert()
#9 /home/silva/Documentos/web2/weydson/atividade_03/vendor/laravel/framework/src/Illuminate/Database/Eloquent/Builder.php(1188): Illuminate\\Database\\Eloquent\\Model->save()
#10 /home/silva/Documentos/web2/weydson/atividade_03/vendor/laravel/framework/src/Illuminate/Support/helpers.php(399): Illuminate\\Database\\Eloquent\\Builder->{closure:Illuminate\\Database\\Eloquent\\Builder::create():1187}()
#11 /home/silva/Documentos/web2/weydson/atividade_03/vendor/laravel/framework/src/Illuminate/Database/Eloquent/Builder.php(1187): tap()
#12 /home/silva/Documentos/web2/weydson/atividade_03/vendor/laravel/framework/src/Illuminate/Support/Traits/ForwardsCalls.php(23): Illuminate\\Database\\Eloquent\\Builder->create()
#13 /home/silva/Documentos/web2/weydson/atividade_03/vendor/laravel/framework/src/Illuminate/Database/Eloquent/Model.php(2449): Illuminate\\Database\\Eloquent\\Model->forwardCallTo()
#14 /home/silva/Documentos/web2/weydson/atividade_03/vendor/laravel/framework/src/Illuminate/Database/Eloquent/Model.php(2465): Illuminate\\Database\\Eloquent\\Model->__call()
#15 /home/silva/Documentos/web2/weydson/atividade_03/database/seeders/CategorySeeder.php(30): Illuminate\\Database\\Eloquent\\Model::__callStatic()
#16 /home/silva/Documentos/web2/weydson/atividade_03/vendor/laravel/framework/src/Illuminate/Container/BoundMethod.php(36): Database\\Seeders\\CategorySeeder->run()
#17 /home/silva/Documentos/web2/weydson/atividade_03/vendor/laravel/framework/src/Illuminate/Container/Util.php(43): Illuminate\\Container\\BoundMethod::{closure:Illuminate\\Container\\BoundMethod::call():35}()
#18 /home/silva/Documentos/web2/weydson/atividade_03/vendor/laravel/framework/src/Illuminate/Container/BoundMethod.php(96): Illuminate\\Container\\Util::unwrapIfClosure()
#19 /home/silva/Documentos/web2/weydson/atividade_03/vendor/laravel/framework/src/Illuminate/Container/BoundMethod.php(35): Illuminate\\Container\\BoundMethod::callBoundMethod()
#20 /home/silva/Documentos/web2/weydson/atividade_03/vendor/laravel/framework/src/Illuminate/Container/Container.php(754): Illuminate\\Container\\BoundMethod::call()
#21 /home/silva/Documentos/web2/weydson/atividade_03/vendor/laravel/framework/src/Illuminate/Database/Seeder.php(188): Illuminate\\Container\\Container->call()
#22 /home/silva/Documentos/web2/weydson/atividade_03/vendor/laravel/framework/src/Illuminate/Database/Seeder.php(197): Illuminate\\Database\\Seeder->{closure:Illuminate\\Database\\Seeder::__invoke():187}()
#23 /home/silva/Documentos/web2/weydson/atividade_03/vendor/laravel/framework/src/Illuminate/Database/Console/Seeds/SeedCommand.php(71): Illuminate\\Database\\Seeder->__invoke()
#24 /home/silva/Documentos/web2/weydson/atividade_03/vendor/laravel/framework/src/Illuminate/Database/Eloquent/Concerns/GuardsAttributes.php(155): Illuminate\\Database\\Console\\Seeds\\SeedCommand->{closure:Illuminate\\Database\\Console\\Seeds\\SeedCommand::handle():70}()
#25 /home/silva/Documentos/web2/weydson/atividade_03/vendor/laravel/framework/src/Illuminate/Database/Console/Seeds/SeedCommand.php(70): Illuminate\\Database\\Eloquent\\Model::unguarded()
#26 /home/silva/Documentos/web2/weydson/atividade_03/vendor/laravel/framework/src/Illuminate/Container/BoundMethod.php(36): Illuminate\\Database\\Console\\Seeds\\SeedCommand->handle()
#27 /home/silva/Documentos/web2/weydson/atividade_03/vendor/laravel/framework/src/Illuminate/Container/Util.php(43): Illuminate\\Container\\BoundMethod::{closure:Illuminate\\Container\\BoundMethod::call():35}()
#28 /home/silva/Documentos/web2/weydson/atividade_03/vendor/laravel/framework/src/Illuminate/Container/BoundMethod.php(96): Illuminate\\Container\\Util::unwrapIfClosure()
#29 /home/silva/Documentos/web2/weydson/atividade_03/vendor/laravel/framework/src/Illuminate/Container/BoundMethod.php(35): Illuminate\\Container\\BoundMethod::callBoundMethod()
#30 /home/silva/Documentos/web2/weydson/atividade_03/vendor/laravel/framework/src/Illuminate/Container/Container.php(754): Illuminate\\Container\\BoundMethod::call()
#31 /home/silva/Documentos/web2/weydson/atividade_03/vendor/laravel/framework/src/Illuminate/Console/Command.php(211): Illuminate\\Container\\Container->call()
#32 /home/silva/Documentos/web2/weydson/atividade_03/vendor/symfony/console/Command/Command.php(279): Illuminate\\Console\\Command->execute()
#33 /home/silva/Documentos/web2/weydson/atividade_03/vendor/laravel/framework/src/Illuminate/Console/Command.php(180): Symfony\\Component\\Console\\Command\\Command->run()
#34 /home/silva/Documentos/web2/weydson/atividade_03/vendor/symfony/console/Application.php(1094): Illuminate\\Console\\Command->run()
#35 /home/silva/Documentos/web2/weydson/atividade_03/vendor/symfony/console/Application.php(342): Symfony\\Component\\Console\\Application->doRunCommand()
#36 /home/silva/Documentos/web2/weydson/atividade_03/vendor/symfony/console/Application.php(193): Symfony\\Component\\Console\\Application->doRun()
#37 /home/silva/Documentos/web2/weydson/atividade_03/vendor/laravel/framework/src/Illuminate/Foundation/Console/Kernel.php(197): Symfony\\Component\\Console\\Application->run()
#38 /home/silva/Documentos/web2/weydson/atividade_03/vendor/laravel/framework/src/Illuminate/Foundation/Application.php(1234): Illuminate\\Foundation\\Console\\Kernel->handle()
#39 /home/silva/Documentos/web2/weydson/atividade_03/artisan(16): Illuminate\\Foundation\\Application->handleCommand()
#40 {main}

[previous exception] [object] (PDOException(code: 0): could not find driver at /home/silva/Documentos/web2/weydson/atividade_03/vendor/laravel/framework/src/Illuminate/Database/Connectors/Connector.php:67)
[stacktrace]
#0 /home/silva/Documentos/web2/weydson/atividade_03/vendor/laravel/framework/src/Illuminate/Database/Connectors/Connector.php(67): PDO::connect()
#1 /home/silva/Documentos/web2/weydson/atividade_03/vendor/laravel/framework/src/Illuminate/Database/Connectors/Connector.php(44): Illuminate\\Database\\Connectors\\Connector->createPdoConnection()
#2 /home/silva/Documentos/web2/weydson/atividade_03/vendor/laravel/framework/src/Illuminate/Database/Connectors/SQLiteConnector.php(21): Illuminate\\Database\\Connectors\\Connector->createConnection()
#3 /home/silva/Documentos/web2/weydson/atividade_03/vendor/laravel/framework/src/Illuminate/Database/Connectors/ConnectionFactory.php(223): Illuminate\\Database\\Connectors\\SQLiteConnector->connect()
#4 [internal function]: Illuminate\\Database\\Connectors\\ConnectionFactory->{closure:Illuminate\\Database\\Connectors\\ConnectionFactory::createPdoResolverWithoutHosts():223}()
#5 /home/silva/Documentos/web2/weydson/atividade_03/vendor/laravel/framework/src/Illuminate/Database/Connection.php(1228): call_user_func()
#6 /home/silva/Documentos/web2/weydson/atividade_03/vendor/laravel/framework/src/Illuminate/Database/Connection.php(562): Illuminate\\Database\\Connection->getPdo()
#7 /home/silva/Documentos/web2/weydson/atividade_03/vendor/laravel/framework/src/Illuminate/Database/Connection.php(809): Illuminate\\Database\\Connection->{closure:Illuminate\\Database\\Connection::statement():557}()
#8 /home/silva/Documentos/web2/weydson/atividade_03/vendor/laravel/framework/src/Illuminate/Database/Connection.php(776): Illuminate\\Database\\Connection->runQueryCallback()
#9 /home/silva/Documentos/web2/weydson/atividade_03/vendor/laravel/framework/src/Illuminate/Database/Connection.php(557): Illuminate\\Database\\Connection->run()
#10 /home/silva/Documentos/web2/weydson/atividade_03/vendor/laravel/framework/src/Illuminate/Database/Connection.php(521): Illuminate\\Database\\Connection->statement()
#11 /home/silva/Documentos/web2/weydson/atividade_03/vendor/laravel/framework/src/Illuminate/Database/Query/Processors/Processor.php(32): Illuminate\\Database\\Connection->insert()
#12 /home/silva/Documentos/web2/weydson/atividade_03/vendor/laravel/framework/src/Illuminate/Database/Query/Builder.php(3779): Illuminate\\Database\\Query\\Processors\\Processor->processInsertGetId()
#13 /home/silva/Documentos/web2/weydson/atividade_03/vendor/laravel/framework/src/Illuminate/Database/Eloquent/Builder.php(2204): Illuminate\\Database\\Query\\Builder->insertGetId()
#14 /home/silva/Documentos/web2/weydson/atividade_03/vendor/laravel/framework/src/Illuminate/Database/Eloquent/Model.php(1408): Illuminate\\Database\\Eloquent\\Builder->__call()
#15 /home/silva/Documentos/web2/weydson/atividade_03/vendor/laravel/framework/src/Illuminate/Database/Eloquent/Model.php(1373): Illuminate\\Database\\Eloquent\\Model->insertAndSetId()
#16 /home/silva/Documentos/web2/weydson/atividade_03/vendor/laravel/framework/src/Illuminate/Database/Eloquent/Model.php(1212): Illuminate\\Database\\Eloquent\\Model->performInsert()
#17 /home/silva/Documentos/web2/weydson/atividade_03/vendor/laravel/framework/src/Illuminate/Database/Eloquent/Builder.php(1188): Illuminate\\Database\\Eloquent\\Model->save()
#18 /home/silva/Documentos/web2/weydson/atividade_03/vendor/laravel/framework/src/Illuminate/Support/helpers.php(399): Illuminate\\Database\\Eloquent\\Builder->{closure:Illuminate\\Database\\Eloquent\\Builder::create():1187}()
#19 /home/silva/Documentos/web2/weydson/atividade_03/vendor/laravel/framework/src/Illuminate/Database/Eloquent/Builder.php(1187): tap()
#20 /home/silva/Documentos/web2/weydson/atividade_03/vendor/laravel/framework/src/Illuminate/Support/Traits/ForwardsCalls.php(23): Illuminate\\Database\\Eloquent\\Builder->create()
#21 /home/silva/Documentos/web2/weydson/atividade_03/vendor/laravel/framework/src/Illuminate/Database/Eloquent/Model.php(2449): Illuminate\\Database\\Eloquent\\Model->forwardCallTo()
#22 /home/silva/Documentos/web2/weydson/atividade_03/vendor/laravel/framework/src/Illuminate/Database/Eloquent/Model.php(2465): Illuminate\\Database\\Eloquent\\Model->__call()
#23 /home/silva/Documentos/web2/weydson/atividade_03/database/seeders/CategorySeeder.php(30): Illuminate\\Database\\Eloquent\\Model::__callStatic()
#24 /home/silva/Documentos/web2/weydson/atividade_03/vendor/laravel/framework/src/Illuminate/Container/BoundMethod.php(36): Database\\Seeders\\CategorySeeder->run()
#25 /home/silva/Documentos/web2/weydson/atividade_03/vendor/laravel/framework/src/Illuminate/Container/Util.php(43): Illuminate\\Container\\BoundMethod::{closure:Illuminate\\Container\\BoundMethod::call():35}()
#26 /home/silva/Documentos/web2/weydson/atividade_03/vendor/laravel/framework/src/Illuminate/Container/BoundMethod.php(96): Illuminate\\Container\\Util::unwrapIfClosure()
#27 /home/silva/Documentos/web2/weydson/atividade_03/vendor/laravel/framework/src/Illuminate/Container/BoundMethod.php(35): Illuminate\\Container\\BoundMethod::callBoundMethod()
#28 /home/silva/Documentos/web2/weydson/atividade_03/vendor/laravel/framework/src/Illuminate/Container/Container.php(754): Illuminate\\Container\\BoundMethod::call()
#29 /home/silva/Documentos/web2/weydson/atividade_03/vendor/laravel/framework/src/Illuminate/Database/Seeder.php(188): Illuminate\\Container\\Container->call()
#30 /home/silva/Documentos/web2/weydson/atividade_03/vendor/laravel/framework/src/Illuminate/Database/Seeder.php(197): Illuminate\\Database\\Seeder->{closure:Illuminate\\Database\\Seeder::__invoke():187}()
#31 /home/silva/Documentos/web2/weydson/atividade_03/vendor/laravel/framework/src/Illuminate/Database/Console/Seeds/SeedCommand.php(71): Illuminate\\Database\\Seeder->__invoke()
#32 /home/silva/Documentos/web2/weydson/atividade_03/vendor/laravel/framework/src/Illuminate/Database/Eloquent/Concerns/GuardsAttributes.php(155): Illuminate\\Database\\Console\\Seeds\\SeedCommand->{closure:Illuminate\\Database\\Console\\Seeds\\SeedCommand::handle():70}()
#33 /home/silva/Documentos/web2/weydson/atividade_03/vendor/laravel/framework/src/Illuminate/Database/Console/Seeds/SeedCommand.php(70): Illuminate\\Database\\Eloquent\\Model::unguarded()
#34 /home/silva/Documentos/web2/weydson/atividade_03/vendor/laravel/framework/src/Illuminate/Container/BoundMethod.php(36): Illuminate\\Database\\Console\\Seeds\\SeedCommand->handle()
#35 /home/silva/Documentos/web2/weydson/atividade_03/vendor/laravel/framework/src/Illuminate/Container/Util.php(43): Illuminate\\Container\\BoundMethod::{closure:Illuminate\\Container\\BoundMethod::call():35}()
#36 /home/silva/Documentos/web2/weydson/atividade_03/vendor/laravel/framework/src/Illuminate/Container/BoundMethod.php(96): Illuminate\\Container\\Util::unwrapIfClosure()
#37 /home/silva/Documentos/web2/weydson/atividade_03/vendor/laravel/framework/src/Illuminate/Container/BoundMethod.php(35): Illuminate\\Container\\BoundMethod::callBoundMethod()
#38 /home/silva/Documentos/web2/weydson/atividade_03/vendor/laravel/framework/src/Illuminate/Container/Container.php(754): Illuminate\\Container\\BoundMethod::call()
#39 /home/silva/Documentos/web2/weydson/atividade_03/vendor/laravel/framework/src/Illuminate/Console/Command.php(211): Illuminate\\Container\\Container->call()
#40 /home/silva/Documentos/web2/weydson/atividade_03/vendor/symfony/console/Command/Command.php(279): Illuminate\\Console\\Command->execute()
#41 /home/silva/Documentos/web2/weydson/atividade_03/vendor/laravel/framework/src/Illuminate/Console/Command.php(180): Symfony\\Component\\Console\\Command\\Command->run()
#42 /home/silva/Documentos/web2/weydson/atividade_03/vendor/symfony/console/Application.php(1094): Illuminate\\Console\\Command->run()
#43 /home/silva/Documentos/web2/weydson/atividade_03/vendor/symfony/console/Application.php(342): Symfony\\Component\\Console\\Application->doRunCommand()
#44 /home/silva/Documentos/web2/weydson/atividade_03/vendor/symfony/console/Application.php(193): Symfony\\Component\\Console\\Application->doRun()
#45 /home/silva/Documentos/web2/weydson/atividade_03/vendor/laravel/framework/src/Illuminate/Foundation/Console/Kernel.php(197): Symfony\\Component\\Console\\Application->run()
#46 /home/silva/Documentos/web2/weydson/atividade_03/vendor/laravel/framework/src/Illuminate/Foundation/Application.php(1234): Illuminate\\Foundation\\Console\\Kernel->handle()
#47 /home/silva/Documentos/web2/weydson/atividade_03/artisan(16): Illuminate\\Foundation\\Application->handleCommand()
#48 {main}
"} 
[2025-05-15 14:17:34] production.ERROR: could not find driver (Connection: sqlite, SQL: insert into "categories" ("name", "updated_at", "created_at") values (Ficção, 2025-05-15 14:17:34, 2025-05-15 14:17:34)) {"exception":"[object] (Illuminate\\Database\\QueryException(code: 0): could not find driver (Connection: sqlite, SQL: insert into \"categories\" (\"name\", \"updated_at\", \"created_at\") values (Ficção, 2025-05-15 14:17:34, 2025-05-15 14:17:34)) at /home/silva/Documentos/web2/weydson/atividade_03/vendor/laravel/framework/src/Illuminate/Database/Connection.php:822)
[stacktrace]
#0 /home/silva/Documentos/web2/weydson/atividade_03/vendor/laravel/framework/src/Illuminate/Database/Connection.php(776): Illuminate\\Database\\Connection->runQueryCallback()
#1 /home/silva/Documentos/web2/weydson/atividade_03/vendor/laravel/framework/src/Illuminate/Database/Connection.php(557): Illuminate\\Database\\Connection->run()
#2 /home/silva/Documentos/web2/weydson/atividade_03/vendor/laravel/framework/src/Illuminate/Database/Connection.php(521): Illuminate\\Database\\Connection->statement()
#3 /home/silva/Documentos/web2/weydson/atividade_03/vendor/laravel/framework/src/Illuminate/Database/Query/Processors/Processor.php(32): Illuminate\\Database\\Connection->insert()
#4 /home/silva/Documentos/web2/weydson/atividade_03/vendor/laravel/framework/src/Illuminate/Database/Query/Builder.php(3779): Illuminate\\Database\\Query\\Processors\\Processor->processInsertGetId()
#5 /home/silva/Documentos/web2/weydson/atividade_03/vendor/laravel/framework/src/Illuminate/Database/Eloquent/Builder.php(2204): Illuminate\\Database\\Query\\Builder->insertGetId()
#6 /home/silva/Documentos/web2/weydson/atividade_03/vendor/laravel/framework/src/Illuminate/Database/Eloquent/Model.php(1408): Illuminate\\Database\\Eloquent\\Builder->__call()
#7 /home/silva/Documentos/web2/weydson/atividade_03/vendor/laravel/framework/src/Illuminate/Database/Eloquent/Model.php(1373): Illuminate\\Database\\Eloquent\\Model->insertAndSetId()
#8 /home/silva/Documentos/web2/weydson/atividade_03/vendor/laravel/framework/src/Illuminate/Database/Eloquent/Model.php(1212): Illuminate\\Database\\Eloquent\\Model->performInsert()
#9 /home/silva/Documentos/web2/weydson/atividade_03/vendor/laravel/framework/src/Illuminate/Database/Eloquent/Builder.php(1188): Illuminate\\Database\\Eloquent\\Model->save()
#10 /home/silva/Documentos/web2/weydson/atividade_03/vendor/laravel/framework/src/Illuminate/Support/helpers.php(399): Illuminate\\Database\\Eloquent\\Builder->{closure:Illuminate\\Database\\Eloquent\\Builder::create():1187}()
#11 /home/silva/Documentos/web2/weydson/atividade_03/vendor/laravel/framework/src/Illuminate/Database/Eloquent/Builder.php(1187): tap()
#12 /home/silva/Documentos/web2/weydson/atividade_03/vendor/laravel/framework/src/Illuminate/Support/Traits/ForwardsCalls.php(23): Illuminate\\Database\\Eloquent\\Builder->create()
#13 /home/silva/Documentos/web2/weydson/atividade_03/vendor/laravel/framework/src/Illuminate/Database/Eloquent/Model.php(2449): Illuminate\\Database\\Eloquent\\Model->forwardCallTo()
#14 /home/silva/Documentos/web2/weydson/atividade_03/vendor/laravel/framework/src/Illuminate/Database/Eloquent/Model.php(2465): Illuminate\\Database\\Eloquent\\Model->__call()
#15 /home/silva/Documentos/web2/weydson/atividade_03/database/seeders/CategorySeeder.php(30): Illuminate\\Database\\Eloquent\\Model::__callStatic()
#16 /home/silva/Documentos/web2/weydson/atividade_03/vendor/laravel/framework/src/Illuminate/Container/BoundMethod.php(36): Database\\Seeders\\CategorySeeder->run()
#17 /home/silva/Documentos/web2/weydson/atividade_03/vendor/laravel/framework/src/Illuminate/Container/Util.php(43): Illuminate\\Container\\BoundMethod::{closure:Illuminate\\Container\\BoundMethod::call():35}()
#18 /home/silva/Documentos/web2/weydson/atividade_03/vendor/laravel/framework/src/Illuminate/Container/BoundMethod.php(96): Illuminate\\Container\\Util::unwrapIfClosure()
#19 /home/silva/Documentos/web2/weydson/atividade_03/vendor/laravel/framework/src/Illuminate/Container/BoundMethod.php(35): Illuminate\\Container\\BoundMethod::callBoundMethod()
#20 /home/silva/Documentos/web2/weydson/atividade_03/vendor/laravel/framework/src/Illuminate/Container/Container.php(754): Illuminate\\Container\\BoundMethod::call()
#21 /home/silva/Documentos/web2/weydson/atividade_03/vendor/laravel/framework/src/Illuminate/Database/Seeder.php(188): Illuminate\\Container\\Container->call()
#22 /home/silva/Documentos/web2/weydson/atividade_03/vendor/laravel/framework/src/Illuminate/Database/Seeder.php(197): Illuminate\\Database\\Seeder->{closure:Illuminate\\Database\\Seeder::__invoke():187}()
#23 /home/silva/Documentos/web2/weydson/atividade_03/vendor/laravel/framework/src/Illuminate/Database/Console/Seeds/SeedCommand.php(71): Illuminate\\Database\\Seeder->__invoke()
#24 /home/silva/Documentos/web2/weydson/atividade_03/vendor/laravel/framework/src/Illuminate/Database/Eloquent/Concerns/GuardsAttributes.php(155): Illuminate\\Database\\Console\\Seeds\\SeedCommand->{closure:Illuminate\\Database\\Console\\Seeds\\SeedCommand::handle():70}()
#25 /home/silva/Documentos/web2/weydson/atividade_03/vendor/laravel/framework/src/Illuminate/Database/Console/Seeds/SeedCommand.php(70): Illuminate\\Database\\Eloquent\\Model::unguarded()
#26 /home/silva/Documentos/web2/weydson/atividade_03/vendor/laravel/framework/src/Illuminate/Container/BoundMethod.php(36): Illuminate\\Database\\Console\\Seeds\\SeedCommand->handle()
#27 /home/silva/Documentos/web2/weydson/atividade_03/vendor/laravel/framework/src/Illuminate/Container/Util.php(43): Illuminate\\Container\\BoundMethod::{closure:Illuminate\\Container\\BoundMethod::call():35}()
#28 /home/silva/Documentos/web2/weydson/atividade_03/vendor/laravel/framework/src/Illuminate/Container/BoundMethod.php(96): Illuminate\\Container\\Util::unwrapIfClosure()
#29 /home/silva/Documentos/web2/weydson/atividade_03/vendor/laravel/framework/src/Illuminate/Container/BoundMethod.php(35): Illuminate\\Container\\BoundMethod::callBoundMethod()
#30 /home/silva/Documentos/web2/weydson/atividade_03/vendor/laravel/framework/src/Illuminate/Container/Container.php(754): Illuminate\\Container\\BoundMethod::call()
#31 /home/silva/Documentos/web2/weydson/atividade_03/vendor/laravel/framework/src/Illuminate/Console/Command.php(211): Illuminate\\Container\\Container->call()
#32 /home/silva/Documentos/web2/weydson/atividade_03/vendor/symfony/console/Command/Command.php(279): Illuminate\\Console\\Command->execute()
#33 /home/silva/Documentos/web2/weydson/atividade_03/vendor/laravel/framework/src/Illuminate/Console/Command.php(180): Symfony\\Component\\Console\\Command\\Command->run()
#34 /home/silva/Documentos/web2/weydson/atividade_03/vendor/symfony/console/Application.php(1094): Illuminate\\Console\\Command->run()
#35 /home/silva/Documentos/web2/weydson/atividade_03/vendor/symfony/console/Application.php(342): Symfony\\Component\\Console\\Application->doRunCommand()
#36 /home/silva/Documentos/web2/weydson/atividade_03/vendor/symfony/console/Application.php(193): Symfony\\Component\\Console\\Application->doRun()
#37 /home/silva/Documentos/web2/weydson/atividade_03/vendor/laravel/framework/src/Illuminate/Foundation/Console/Kernel.php(197): Symfony\\Component\\Console\\Application->run()
#38 /home/silva/Documentos/web2/weydson/atividade_03/vendor/laravel/framework/src/Illuminate/Foundation/Application.php(1234): Illuminate\\Foundation\\Console\\Kernel->handle()
#39 /home/silva/Documentos/web2/weydson/atividade_03/artisan(16): Illuminate\\Foundation\\Application->handleCommand()
#40 {main}

[previous exception] [object] (PDOException(code: 0): could not find driver at /home/silva/Documentos/web2/weydson/atividade_03/vendor/laravel/framework/src/Illuminate/Database/Connectors/Connector.php:67)
[stacktrace]
#0 /home/silva/Documentos/web2/weydson/atividade_03/vendor/laravel/framework/src/Illuminate/Database/Connectors/Connector.php(67): PDO::connect()
#1 /home/silva/Documentos/web2/weydson/atividade_03/vendor/laravel/framework/src/Illuminate/Database/Connectors/Connector.php(44): Illuminate\\Database\\Connectors\\Connector->createPdoConnection()
#2 /home/silva/Documentos/web2/weydson/atividade_03/vendor/laravel/framework/src/Illuminate/Database/Connectors/SQLiteConnector.php(21): Illuminate\\Database\\Connectors\\Connector->createConnection()
#3 /home/silva/Documentos/web2/weydson/atividade_03/vendor/laravel/framework/src/Illuminate/Database/Connectors/ConnectionFactory.php(223): Illuminate\\Database\\Connectors\\SQLiteConnector->connect()
#4 [internal function]: Illuminate\\Database\\Connectors\\ConnectionFactory->{closure:Illuminate\\Database\\Connectors\\ConnectionFactory::createPdoResolverWithoutHosts():223}()
#5 /home/silva/Documentos/web2/weydson/atividade_03/vendor/laravel/framework/src/Illuminate/Database/Connection.php(1228): call_user_func()
#6 /home/silva/Documentos/web2/weydson/atividade_03/vendor/laravel/framework/src/Illuminate/Database/Connection.php(562): Illuminate\\Database\\Connection->getPdo()
#7 /home/silva/Documentos/web2/weydson/atividade_03/vendor/laravel/framework/src/Illuminate/Database/Connection.php(809): Illuminate\\Database\\Connection->{closure:Illuminate\\Database\\Connection::statement():557}()
#8 /home/silva/Documentos/web2/weydson/atividade_03/vendor/laravel/framework/src/Illuminate/Database/Connection.php(776): Illuminate\\Database\\Connection->runQueryCallback()
#9 /home/silva/Documentos/web2/weydson/atividade_03/vendor/laravel/framework/src/Illuminate/Database/Connection.php(557): Illuminate\\Database\\Connection->run()
#10 /home/silva/Documentos/web2/weydson/atividade_03/vendor/laravel/framework/src/Illuminate/Database/Connection.php(521): Illuminate\\Database\\Connection->statement()
#11 /home/silva/Documentos/web2/weydson/atividade_03/vendor/laravel/framework/src/Illuminate/Database/Query/Processors/Processor.php(32): Illuminate\\Database\\Connection->insert()
#12 /home/silva/Documentos/web2/weydson/atividade_03/vendor/laravel/framework/src/Illuminate/Database/Query/Builder.php(3779): Illuminate\\Database\\Query\\Processors\\Processor->processInsertGetId()
#13 /home/silva/Documentos/web2/weydson/atividade_03/vendor/laravel/framework/src/Illuminate/Database/Eloquent/Builder.php(2204): Illuminate\\Database\\Query\\Builder->insertGetId()
#14 /home/silva/Documentos/web2/weydson/atividade_03/vendor/laravel/framework/src/Illuminate/Database/Eloquent/Model.php(1408): Illuminate\\Database\\Eloquent\\Builder->__call()
#15 /home/silva/Documentos/web2/weydson/atividade_03/vendor/laravel/framework/src/Illuminate/Database/Eloquent/Model.php(1373): Illuminate\\Database\\Eloquent\\Model->insertAndSetId()
#16 /home/silva/Documentos/web2/weydson/atividade_03/vendor/laravel/framework/src/Illuminate/Database/Eloquent/Model.php(1212): Illuminate\\Database\\Eloquent\\Model->performInsert()
#17 /home/silva/Documentos/web2/weydson/atividade_03/vendor/laravel/framework/src/Illuminate/Database/Eloquent/Builder.php(1188): Illuminate\\Database\\Eloquent\\Model->save()
#18 /home/silva/Documentos/web2/weydson/atividade_03/vendor/laravel/framework/src/Illuminate/Support/helpers.php(399): Illuminate\\Database\\Eloquent\\Builder->{closure:Illuminate\\Database\\Eloquent\\Builder::create():1187}()
#19 /home/silva/Documentos/web2/weydson/atividade_03/vendor/laravel/framework/src/Illuminate/Database/Eloquent/Builder.php(1187): tap()
#20 /home/silva/Documentos/web2/weydson/atividade_03/vendor/laravel/framework/src/Illuminate/Support/Traits/ForwardsCalls.php(23): Illuminate\\Database\\Eloquent\\Builder->create()
#21 /home/silva/Documentos/web2/weydson/atividade_03/vendor/laravel/framework/src/Illuminate/Database/Eloquent/Model.php(2449): Illuminate\\Database\\Eloquent\\Model->forwardCallTo()
#22 /home/silva/Documentos/web2/weydson/atividade_03/vendor/laravel/framework/src/Illuminate/Database/Eloquent/Model.php(2465): Illuminate\\Database\\Eloquent\\Model->__call()
#23 /home/silva/Documentos/web2/weydson/atividade_03/database/seeders/CategorySeeder.php(30): Illuminate\\Database\\Eloquent\\Model::__callStatic()
#24 /home/silva/Documentos/web2/weydson/atividade_03/vendor/laravel/framework/src/Illuminate/Container/BoundMethod.php(36): Database\\Seeders\\CategorySeeder->run()
#25 /home/silva/Documentos/web2/weydson/atividade_03/vendor/laravel/framework/src/Illuminate/Container/Util.php(43): Illuminate\\Container\\BoundMethod::{closure:Illuminate\\Container\\BoundMethod::call():35}()
#26 /home/silva/Documentos/web2/weydson/atividade_03/vendor/laravel/framework/src/Illuminate/Container/BoundMethod.php(96): Illuminate\\Container\\Util::unwrapIfClosure()
#27 /home/silva/Documentos/web2/weydson/atividade_03/vendor/laravel/framework/src/Illuminate/Container/BoundMethod.php(35): Illuminate\\Container\\BoundMethod::callBoundMethod()
#28 /home/silva/Documentos/web2/weydson/atividade_03/vendor/laravel/framework/src/Illuminate/Container/Container.php(754): Illuminate\\Container\\BoundMethod::call()
#29 /home/silva/Documentos/web2/weydson/atividade_03/vendor/laravel/framework/src/Illuminate/Database/Seeder.php(188): Illuminate\\Container\\Container->call()
#30 /home/silva/Documentos/web2/weydson/atividade_03/vendor/laravel/framework/src/Illuminate/Database/Seeder.php(197): Illuminate\\Database\\Seeder->{closure:Illuminate\\Database\\Seeder::__invoke():187}()
#31 /home/silva/Documentos/web2/weydson/atividade_03/vendor/laravel/framework/src/Illuminate/Database/Console/Seeds/SeedCommand.php(71): Illuminate\\Database\\Seeder->__invoke()
#32 /home/silva/Documentos/web2/weydson/atividade_03/vendor/laravel/framework/src/Illuminate/Database/Eloquent/Concerns/GuardsAttributes.php(155): Illuminate\\Database\\Console\\Seeds\\SeedCommand->{closure:Illuminate\\Database\\Console\\Seeds\\SeedCommand::handle():70}()
#33 /home/silva/Documentos/web2/weydson/atividade_03/vendor/laravel/framework/src/Illuminate/Database/Console/Seeds/SeedCommand.php(70): Illuminate\\Database\\Eloquent\\Model::unguarded()
#34 /home/silva/Documentos/web2/weydson/atividade_03/vendor/laravel/framework/src/Illuminate/Container/BoundMethod.php(36): Illuminate\\Database\\Console\\Seeds\\SeedCommand->handle()
#35 /home/silva/Documentos/web2/weydson/atividade_03/vendor/laravel/framework/src/Illuminate/Container/Util.php(43): Illuminate\\Container\\BoundMethod::{closure:Illuminate\\Container\\BoundMethod::call():35}()
#36 /home/silva/Documentos/web2/weydson/atividade_03/vendor/laravel/framework/src/Illuminate/Container/BoundMethod.php(96): Illuminate\\Container\\Util::unwrapIfClosure()
#37 /home/silva/Documentos/web2/weydson/atividade_03/vendor/laravel/framework/src/Illuminate/Container/BoundMethod.php(35): Illuminate\\Container\\BoundMethod::callBoundMethod()
#38 /home/silva/Documentos/web2/weydson/atividade_03/vendor/laravel/framework/src/Illuminate/Container/Container.php(754): Illuminate\\Container\\BoundMethod::call()
#39 /home/silva/Documentos/web2/weydson/atividade_03/vendor/laravel/framework/src/Illuminate/Console/Command.php(211): Illuminate\\Container\\Container->call()
#40 /home/silva/Documentos/web2/weydson/atividade_03/vendor/symfony/console/Command/Command.php(279): Illuminate\\Console\\Command->execute()
#41 /home/silva/Documentos/web2/weydson/atividade_03/vendor/laravel/framework/src/Illuminate/Console/Command.php(180): Symfony\\Component\\Console\\Command\\Command->run()
#42 /home/silva/Documentos/web2/weydson/atividade_03/vendor/symfony/console/Application.php(1094): Illuminate\\Console\\Command->run()
#43 /home/silva/Documentos/web2/weydson/atividade_03/vendor/symfony/console/Application.php(342): Symfony\\Component\\Console\\Application->doRunCommand()
#44 /home/silva/Documentos/web2/weydson/atividade_03/vendor/symfony/console/Application.php(193): Symfony\\Component\\Console\\Application->doRun()
#45 /home/silva/Documentos/web2/weydson/atividade_03/vendor/laravel/framework/src/Illuminate/Foundation/Console/Kernel.php(197): Symfony\\Component\\Console\\Application->run()
#46 /home/silva/Documentos/web2/weydson/atividade_03/vendor/laravel/framework/src/Illuminate/Foundation/Application.php(1234): Illuminate\\Foundation\\Console\\Kernel->handle()
#47 /home/silva/Documentos/web2/weydson/atividade_03/artisan(16): Illuminate\\Foundation\\Application->handleCommand()
#48 {main}
"} 
[2025-05-15 14:19:07] production.ERROR: could not find driver (Connection: sqlite, SQL: select exists (select 1 from "main".sqlite_master where name = 'migrations' and type = 'table') as "exists") {"exception":"[object] (Illuminate\\Database\\QueryException(code: 0): could not find driver (Connection: sqlite, SQL: select exists (select 1 from \"main\".sqlite_master where name = 'migrations' and type = 'table') as \"exists\") at /home/silva/Documentos/web2/weydson/atividade_03/vendor/laravel/framework/src/Illuminate/Database/Connection.php:822)
[stacktrace]
#0 /home/silva/Documentos/web2/weydson/atividade_03/vendor/laravel/framework/src/Illuminate/Database/Connection.php(776): Illuminate\\Database\\Connection->runQueryCallback()
#1 /home/silva/Documentos/web2/weydson/atividade_03/vendor/laravel/framework/src/Illuminate/Database/Connection.php(395): Illuminate\\Database\\Connection->run()
#2 /home/silva/Documentos/web2/weydson/atividade_03/vendor/laravel/framework/src/Illuminate/Database/Connection.php(341): Illuminate\\Database\\Connection->select()
#3 /home/silva/Documentos/web2/weydson/atividade_03/vendor/laravel/framework/src/Illuminate/Database/Connection.php(358): Illuminate\\Database\\Connection->selectOne()
#4 /home/silva/Documentos/web2/weydson/atividade_03/vendor/laravel/framework/src/Illuminate/Database/Schema/Builder.php(174): Illuminate\\Database\\Connection->scalar()
#5 /home/silva/Documentos/web2/weydson/atividade_03/vendor/laravel/framework/src/Illuminate/Database/Migrations/DatabaseMigrationRepository.php(183): Illuminate\\Database\\Schema\\Builder->hasTable()
#6 /home/silva/Documentos/web2/weydson/atividade_03/vendor/laravel/framework/src/Illuminate/Database/Migrations/Migrator.php(749): Illuminate\\Database\\Migrations\\DatabaseMigrationRepository->repositoryExists()
#7 /home/silva/Documentos/web2/weydson/atividade_03/vendor/laravel/framework/src/Illuminate/Database/Console/Migrations/MigrateCommand.php(164): Illuminate\\Database\\Migrations\\Migrator->repositoryExists()
#8 /home/silva/Documentos/web2/weydson/atividade_03/vendor/laravel/framework/src/Illuminate/Support/helpers.php(338): Illuminate\\Database\\Console\\Migrations\\MigrateCommand->{closure:Illuminate\\Database\\Console\\Migrations\\MigrateCommand::repositoryExists():164}()
#9 /home/silva/Documentos/web2/weydson/atividade_03/vendor/laravel/framework/src/Illuminate/Database/Console/Migrations/MigrateCommand.php(164): retry()
#10 /home/silva/Documentos/web2/weydson/atividade_03/vendor/laravel/framework/src/Illuminate/Database/Console/Migrations/MigrateCommand.php(140): Illuminate\\Database\\Console\\Migrations\\MigrateCommand->repositoryExists()
#11 /home/silva/Documentos/web2/weydson/atividade_03/vendor/laravel/framework/src/Illuminate/Database/Console/Migrations/MigrateCommand.php(110): Illuminate\\Database\\Console\\Migrations\\MigrateCommand->prepareDatabase()
#12 /home/silva/Documentos/web2/weydson/atividade_03/vendor/laravel/framework/src/Illuminate/Database/Migrations/Migrator.php(665): Illuminate\\Database\\Console\\Migrations\\MigrateCommand->{closure:Illuminate\\Database\\Console\\Migrations\\MigrateCommand::runMigrations():109}()
#13 /home/silva/Documentos/web2/weydson/atividade_03/vendor/laravel/framework/src/Illuminate/Database/Console/Migrations/MigrateCommand.php(109): Illuminate\\Database\\Migrations\\Migrator->usingConnection()
#14 /home/silva/Documentos/web2/weydson/atividade_03/vendor/laravel/framework/src/Illuminate/Database/Console/Migrations/MigrateCommand.php(88): Illuminate\\Database\\Console\\Migrations\\MigrateCommand->runMigrations()
#15 /home/silva/Documentos/web2/weydson/atividade_03/vendor/laravel/framework/src/Illuminate/Container/BoundMethod.php(36): Illuminate\\Database\\Console\\Migrations\\MigrateCommand->handle()
#16 /home/silva/Documentos/web2/weydson/atividade_03/vendor/laravel/framework/src/Illuminate/Container/Util.php(43): Illuminate\\Container\\BoundMethod::{closure:Illuminate\\Container\\BoundMethod::call():35}()
#17 /home/silva/Documentos/web2/weydson/atividade_03/vendor/laravel/framework/src/Illuminate/Container/BoundMethod.php(96): Illuminate\\Container\\Util::unwrapIfClosure()
#18 /home/silva/Documentos/web2/weydson/atividade_03/vendor/laravel/framework/src/Illuminate/Container/BoundMethod.php(35): Illuminate\\Container\\BoundMethod::callBoundMethod()
#19 /home/silva/Documentos/web2/weydson/atividade_03/vendor/laravel/framework/src/Illuminate/Container/Container.php(754): Illuminate\\Container\\BoundMethod::call()
#20 /home/silva/Documentos/web2/weydson/atividade_03/vendor/laravel/framework/src/Illuminate/Console/Command.php(211): Illuminate\\Container\\Container->call()
#21 /home/silva/Documentos/web2/weydson/atividade_03/vendor/symfony/console/Command/Command.php(279): Illuminate\\Console\\Command->execute()
#22 /home/silva/Documentos/web2/weydson/atividade_03/vendor/laravel/framework/src/Illuminate/Console/Command.php(180): Symfony\\Component\\Console\\Command\\Command->run()
#23 /home/silva/Documentos/web2/weydson/atividade_03/vendor/symfony/console/Application.php(1094): Illuminate\\Console\\Command->run()
#24 /home/silva/Documentos/web2/weydson/atividade_03/vendor/symfony/console/Application.php(342): Symfony\\Component\\Console\\Application->doRunCommand()
#25 /home/silva/Documentos/web2/weydson/atividade_03/vendor/symfony/console/Application.php(193): Symfony\\Component\\Console\\Application->doRun()
#26 /home/silva/Documentos/web2/weydson/atividade_03/vendor/laravel/framework/src/Illuminate/Foundation/Console/Kernel.php(197): Symfony\\Component\\Console\\Application->run()
#27 /home/silva/Documentos/web2/weydson/atividade_03/vendor/laravel/framework/src/Illuminate/Foundation/Application.php(1234): Illuminate\\Foundation\\Console\\Kernel->handle()
#28 /home/silva/Documentos/web2/weydson/atividade_03/artisan(16): Illuminate\\Foundation\\Application->handleCommand()
#29 {main}

[previous exception] [object] (PDOException(code: 0): could not find driver at /home/silva/Documentos/web2/weydson/atividade_03/vendor/laravel/framework/src/Illuminate/Database/Connectors/Connector.php:67)
[stacktrace]
#0 /home/silva/Documentos/web2/weydson/atividade_03/vendor/laravel/framework/src/Illuminate/Database/Connectors/Connector.php(67): PDO::connect()
#1 /home/silva/Documentos/web2/weydson/atividade_03/vendor/laravel/framework/src/Illuminate/Database/Connectors/Connector.php(44): Illuminate\\Database\\Connectors\\Connector->createPdoConnection()
#2 /home/silva/Documentos/web2/weydson/atividade_03/vendor/laravel/framework/src/Illuminate/Database/Connectors/SQLiteConnector.php(21): Illuminate\\Database\\Connectors\\Connector->createConnection()
#3 /home/silva/Documentos/web2/weydson/atividade_03/vendor/laravel/framework/src/Illuminate/Database/Connectors/ConnectionFactory.php(223): Illuminate\\Database\\Connectors\\SQLiteConnector->connect()
#4 [internal function]: Illuminate\\Database\\Connectors\\ConnectionFactory->{closure:Illuminate\\Database\\Connectors\\ConnectionFactory::createPdoResolverWithoutHosts():223}()
#5 /home/silva/Documentos/web2/weydson/atividade_03/vendor/laravel/framework/src/Illuminate/Database/Connection.php(1228): call_user_func()
#6 /home/silva/Documentos/web2/weydson/atividade_03/vendor/laravel/framework/src/Illuminate/Database/Connection.php(1264): Illuminate\\Database\\Connection->getPdo()
#7 /home/silva/Documentos/web2/weydson/atividade_03/vendor/laravel/framework/src/Illuminate/Database/Connection.php(509): Illuminate\\Database\\Connection->getReadPdo()
#8 /home/silva/Documentos/web2/weydson/atividade_03/vendor/laravel/framework/src/Illuminate/Database/Connection.php(404): Illuminate\\Database\\Connection->getPdoForSelect()
#9 /home/silva/Documentos/web2/weydson/atividade_03/vendor/laravel/framework/src/Illuminate/Database/Connection.php(809): Illuminate\\Database\\Connection->{closure:Illuminate\\Database\\Connection::select():395}()
#10 /home/silva/Documentos/web2/weydson/atividade_03/vendor/laravel/framework/src/Illuminate/Database/Connection.php(776): Illuminate\\Database\\Connection->runQueryCallback()
#11 /home/silva/Documentos/web2/weydson/atividade_03/vendor/laravel/framework/src/Illuminate/Database/Connection.php(395): Illuminate\\Database\\Connection->run()
#12 /home/silva/Documentos/web2/weydson/atividade_03/vendor/laravel/framework/src/Illuminate/Database/Connection.php(341): Illuminate\\Database\\Connection->select()
#13 /home/silva/Documentos/web2/weydson/atividade_03/vendor/laravel/framework/src/Illuminate/Database/Connection.php(358): Illuminate\\Database\\Connection->selectOne()
#14 /home/silva/Documentos/web2/weydson/atividade_03/vendor/laravel/framework/src/Illuminate/Database/Schema/Builder.php(174): Illuminate\\Database\\Connection->scalar()
#15 /home/silva/Documentos/web2/weydson/atividade_03/vendor/laravel/framework/src/Illuminate/Database/Migrations/DatabaseMigrationRepository.php(183): Illuminate\\Database\\Schema\\Builder->hasTable()
#16 /home/silva/Documentos/web2/weydson/atividade_03/vendor/laravel/framework/src/Illuminate/Database/Migrations/Migrator.php(749): Illuminate\\Database\\Migrations\\DatabaseMigrationRepository->repositoryExists()
#17 /home/silva/Documentos/web2/weydson/atividade_03/vendor/laravel/framework/src/Illuminate/Database/Console/Migrations/MigrateCommand.php(164): Illuminate\\Database\\Migrations\\Migrator->repositoryExists()
#18 /home/silva/Documentos/web2/weydson/atividade_03/vendor/laravel/framework/src/Illuminate/Support/helpers.php(338): Illuminate\\Database\\Console\\Migrations\\MigrateCommand->{closure:Illuminate\\Database\\Console\\Migrations\\MigrateCommand::repositoryExists():164}()
#19 /home/silva/Documentos/web2/weydson/atividade_03/vendor/laravel/framework/src/Illuminate/Database/Console/Migrations/MigrateCommand.php(164): retry()
#20 /home/silva/Documentos/web2/weydson/atividade_03/vendor/laravel/framework/src/Illuminate/Database/Console/Migrations/MigrateCommand.php(140): Illuminate\\Database\\Console\\Migrations\\MigrateCommand->repositoryExists()
#21 /home/silva/Documentos/web2/weydson/atividade_03/vendor/laravel/framework/src/Illuminate/Database/Console/Migrations/MigrateCommand.php(110): Illuminate\\Database\\Console\\Migrations\\MigrateCommand->prepareDatabase()
#22 /home/silva/Documentos/web2/weydson/atividade_03/vendor/laravel/framework/src/Illuminate/Database/Migrations/Migrator.php(665): Illuminate\\Database\\Console\\Migrations\\MigrateCommand->{closure:Illuminate\\Database\\Console\\Migrations\\MigrateCommand::runMigrations():109}()
#23 /home/silva/Documentos/web2/weydson/atividade_03/vendor/laravel/framework/src/Illuminate/Database/Console/Migrations/MigrateCommand.php(109): Illuminate\\Database\\Migrations\\Migrator->usingConnection()
#24 /home/silva/Documentos/web2/weydson/atividade_03/vendor/laravel/framework/src/Illuminate/Database/Console/Migrations/MigrateCommand.php(88): Illuminate\\Database\\Console\\Migrations\\MigrateCommand->runMigrations()
#25 /home/silva/Documentos/web2/weydson/atividade_03/vendor/laravel/framework/src/Illuminate/Container/BoundMethod.php(36): Illuminate\\Database\\Console\\Migrations\\MigrateCommand->handle()
#26 /home/silva/Documentos/web2/weydson/atividade_03/vendor/laravel/framework/src/Illuminate/Container/Util.php(43): Illuminate\\Container\\BoundMethod::{closure:Illuminate\\Container\\BoundMethod::call():35}()
#27 /home/silva/Documentos/web2/weydson/atividade_03/vendor/laravel/framework/src/Illuminate/Container/BoundMethod.php(96): Illuminate\\Container\\Util::unwrapIfClosure()
#28 /home/silva/Documentos/web2/weydson/atividade_03/vendor/laravel/framework/src/Illuminate/Container/BoundMethod.php(35): Illuminate\\Container\\BoundMethod::callBoundMethod()
#29 /home/silva/Documentos/web2/weydson/atividade_03/vendor/laravel/framework/src/Illuminate/Container/Container.php(754): Illuminate\\Container\\BoundMethod::call()
#30 /home/silva/Documentos/web2/weydson/atividade_03/vendor/laravel/framework/src/Illuminate/Console/Command.php(211): Illuminate\\Container\\Container->call()
#31 /home/silva/Documentos/web2/weydson/atividade_03/vendor/symfony/console/Command/Command.php(279): Illuminate\\Console\\Command->execute()
#32 /home/silva/Documentos/web2/weydson/atividade_03/vendor/laravel/framework/src/Illuminate/Console/Command.php(180): Symfony\\Component\\Console\\Command\\Command->run()
#33 /home/silva/Documentos/web2/weydson/atividade_03/vendor/symfony/console/Application.php(1094): Illuminate\\Console\\Command->run()
#34 /home/silva/Documentos/web2/weydson/atividade_03/vendor/symfony/console/Application.php(342): Symfony\\Component\\Console\\Application->doRunCommand()
#35 /home/silva/Documentos/web2/weydson/atividade_03/vendor/symfony/console/Application.php(193): Symfony\\Component\\Console\\Application->doRun()
#36 /home/silva/Documentos/web2/weydson/atividade_03/vendor/laravel/framework/src/Illuminate/Foundation/Console/Kernel.php(197): Symfony\\Component\\Console\\Application->run()
#37 /home/silva/Documentos/web2/weydson/atividade_03/vendor/laravel/framework/src/Illuminate/Foundation/Application.php(1234): Illuminate\\Foundation\\Console\\Kernel->handle()
#38 /home/silva/Documentos/web2/weydson/atividade_03/artisan(16): Illuminate\\Foundation\\Application->handleCommand()
#39 {main}
"} 
